ARM GAS  C:\Users\nguye\AppData\Local\Temp\ccwaKxzk.s 			page 1


   1              		.cpu cortex-m3
   2              		.arch armv7-m
   3              		.fpu softvfp
   4              		.eabi_attribute 20, 1
   5              		.eabi_attribute 21, 1
   6              		.eabi_attribute 23, 3
   7              		.eabi_attribute 24, 1
   8              		.eabi_attribute 25, 1
   9              		.eabi_attribute 26, 1
  10              		.eabi_attribute 30, 1
  11              		.eabi_attribute 34, 1
  12              		.eabi_attribute 18, 4
  13              		.file	"main.c"
  14              		.text
  15              	.Ltext0:
  16              		.cfi_sections	.debug_frame
  17              		.section	.text.MX_GPIO_Init,"ax",%progbits
  18              		.align	1
  19              		.syntax unified
  20              		.thumb
  21              		.thumb_func
  23              	MX_GPIO_Init:
  24              	.LFB68:
  25              		.file 1 "Core/Src/main.c"
   1:Core/Src/main.c **** /* USER CODE BEGIN Header */
   2:Core/Src/main.c **** /**
   3:Core/Src/main.c ****   ******************************************************************************
   4:Core/Src/main.c ****   * @file           : main.c
   5:Core/Src/main.c ****   * @brief          : Main program body
   6:Core/Src/main.c ****   ******************************************************************************
   7:Core/Src/main.c ****   * @attention
   8:Core/Src/main.c ****   *
   9:Core/Src/main.c ****   * Copyright (c) 2022 STMicroelectronics.
  10:Core/Src/main.c ****   * All rights reserved.
  11:Core/Src/main.c ****   *
  12:Core/Src/main.c ****   * This software is licensed under terms that can be found in the LICENSE file
  13:Core/Src/main.c ****   * in the root directory of this software component.
  14:Core/Src/main.c ****   * If no LICENSE file comes with this software, it is provided AS-IS.
  15:Core/Src/main.c ****   *
  16:Core/Src/main.c ****   ******************************************************************************
  17:Core/Src/main.c ****   */
  18:Core/Src/main.c **** /* USER CODE END Header */
  19:Core/Src/main.c **** /* Includes ------------------------------------------------------------------*/
  20:Core/Src/main.c **** #include "main.h"
  21:Core/Src/main.c **** 
  22:Core/Src/main.c **** /* Private includes ----------------------------------------------------------*/
  23:Core/Src/main.c **** /* USER CODE BEGIN Includes */
  24:Core/Src/main.c **** 
  25:Core/Src/main.c **** /* USER CODE END Includes */
  26:Core/Src/main.c **** 
  27:Core/Src/main.c **** /* Private typedef -----------------------------------------------------------*/
  28:Core/Src/main.c **** /* USER CODE BEGIN PTD */
  29:Core/Src/main.c **** 
  30:Core/Src/main.c **** /* USER CODE END PTD */
  31:Core/Src/main.c **** 
  32:Core/Src/main.c **** /* Private define ------------------------------------------------------------*/
  33:Core/Src/main.c **** /* USER CODE BEGIN PD */
ARM GAS  C:\Users\nguye\AppData\Local\Temp\ccwaKxzk.s 			page 2


  34:Core/Src/main.c **** /* USER CODE END PD */
  35:Core/Src/main.c **** 
  36:Core/Src/main.c **** /* Private macro -------------------------------------------------------------*/
  37:Core/Src/main.c **** /* USER CODE BEGIN PM */
  38:Core/Src/main.c **** 
  39:Core/Src/main.c **** /* USER CODE END PM */
  40:Core/Src/main.c **** 
  41:Core/Src/main.c **** /* Private variables ---------------------------------------------------------*/
  42:Core/Src/main.c **** 
  43:Core/Src/main.c **** /* USER CODE BEGIN PV */
  44:Core/Src/main.c **** 
  45:Core/Src/main.c **** /* USER CODE END PV */
  46:Core/Src/main.c **** 
  47:Core/Src/main.c **** /* Private function prototypes -----------------------------------------------*/
  48:Core/Src/main.c **** void SystemClock_Config(void);
  49:Core/Src/main.c **** static void MX_GPIO_Init(void);
  50:Core/Src/main.c **** /* USER CODE BEGIN PFP */
  51:Core/Src/main.c **** 
  52:Core/Src/main.c **** /* USER CODE END PFP */
  53:Core/Src/main.c **** 
  54:Core/Src/main.c **** /* Private user code ---------------------------------------------------------*/
  55:Core/Src/main.c **** /* USER CODE BEGIN 0 */
  56:Core/Src/main.c **** 
  57:Core/Src/main.c **** #define SEG_a GPIO_PIN_0
  58:Core/Src/main.c **** #define SEG_b GPIO_PIN_1
  59:Core/Src/main.c **** #define SEG_c GPIO_PIN_2
  60:Core/Src/main.c **** #define SEG_d GPIO_PIN_3
  61:Core/Src/main.c **** #define SEG_e GPIO_PIN_4
  62:Core/Src/main.c **** #define SEG_f GPIO_PIN_5
  63:Core/Src/main.c **** #define SEG_g GPIO_PIN_6
  64:Core/Src/main.c **** 
  65:Core/Src/main.c **** void display7SEG(int num) {
  66:Core/Src/main.c **** 
  67:Core/Src/main.c **** 
  68:Core/Src/main.c ****   static const uint16_t ALL_SEGS = 0x7f;
  69:Core/Src/main.c ****   
  70:Core/Src/main.c ****   static const uint16_t LUT_SET[] = {
  71:Core/Src/main.c ****     SEG_g,                                // 0
  72:Core/Src/main.c ****     ALL_SEGS &~ (SEG_b | SEG_c),          // 1
  73:Core/Src/main.c ****     SEG_c | SEG_f,                        // 2
  74:Core/Src/main.c ****     SEG_e | SEG_f,                        // 3
  75:Core/Src/main.c ****     SEG_a | SEG_d | SEG_e,                // 4
  76:Core/Src/main.c ****     SEG_b | SEG_e,                        // 5
  77:Core/Src/main.c ****     SEG_b,                                // 6
  78:Core/Src/main.c ****     ALL_SEGS &~ (SEG_a | SEG_b | SEG_c),  // 7
  79:Core/Src/main.c ****     0,                                    // 8
  80:Core/Src/main.c ****     SEG_e                                 // 9
  81:Core/Src/main.c ****   };
  82:Core/Src/main.c **** 
  83:Core/Src/main.c ****   const uint16_t SET_SEGS = LUT_SET[num];
  84:Core/Src/main.c ****   
  85:Core/Src/main.c ****   GPIOB->BSRR = SET_SEGS | ((uint32_t)(ALL_SEGS & ~SET_SEGS) << 16u);
  86:Core/Src/main.c **** 
  87:Core/Src/main.c **** }
  88:Core/Src/main.c **** /* USER CODE END 0 */
  89:Core/Src/main.c **** 
  90:Core/Src/main.c **** /**
ARM GAS  C:\Users\nguye\AppData\Local\Temp\ccwaKxzk.s 			page 3


  91:Core/Src/main.c ****   * @brief  The application entry point.
  92:Core/Src/main.c ****   * @retval int
  93:Core/Src/main.c ****   */
  94:Core/Src/main.c **** int main(void)
  95:Core/Src/main.c **** {
  96:Core/Src/main.c ****   /* USER CODE BEGIN 1 */
  97:Core/Src/main.c **** 
  98:Core/Src/main.c ****   /* USER CODE END 1 */
  99:Core/Src/main.c **** 
 100:Core/Src/main.c ****   /* MCU Configuration--------------------------------------------------------*/
 101:Core/Src/main.c **** 
 102:Core/Src/main.c ****   /* Reset of all peripherals, Initializes the Flash interface and the Systick. */
 103:Core/Src/main.c ****   HAL_Init();
 104:Core/Src/main.c **** 
 105:Core/Src/main.c ****   /* USER CODE BEGIN Init */
 106:Core/Src/main.c **** 
 107:Core/Src/main.c ****   /* USER CODE END Init */
 108:Core/Src/main.c **** 
 109:Core/Src/main.c ****   /* Configure the system clock */
 110:Core/Src/main.c ****   SystemClock_Config();
 111:Core/Src/main.c **** 
 112:Core/Src/main.c ****   /* USER CODE BEGIN SysInit */
 113:Core/Src/main.c **** 
 114:Core/Src/main.c ****   /* USER CODE END SysInit */
 115:Core/Src/main.c **** 
 116:Core/Src/main.c ****   /* Initialize all configured peripherals */
 117:Core/Src/main.c ****   MX_GPIO_Init();
 118:Core/Src/main.c ****   /* USER CODE BEGIN 2 */
 119:Core/Src/main.c **** 
 120:Core/Src/main.c ****   /* USER CODE END 2 */
 121:Core/Src/main.c **** 
 122:Core/Src/main.c ****   /* Infinite loop */
 123:Core/Src/main.c ****   /* USER CODE BEGIN WHILE */
 124:Core/Src/main.c ****   while (1)
 125:Core/Src/main.c ****   {
 126:Core/Src/main.c ****     GPIOA->ODR = 0b01111000000;
 127:Core/Src/main.c ****     display7SEG(3);
 128:Core/Src/main.c ****     HAL_Delay(1000);
 129:Core/Src/main.c ****     
 130:Core/Src/main.c ****     display7SEG(2);
 131:Core/Src/main.c ****     HAL_Delay(1000);
 132:Core/Src/main.c ****     
 133:Core/Src/main.c ****     display7SEG(1);
 134:Core/Src/main.c ****     HAL_Delay(1000);
 135:Core/Src/main.c ****     GPIOA->ODR = 0b10111000000;
 136:Core/Src/main.c ****     display7SEG(2);
 137:Core/Src/main.c ****     HAL_Delay(1000);
 138:Core/Src/main.c ****     
 139:Core/Src/main.c ****     display7SEG(1);
 140:Core/Src/main.c ****     HAL_Delay(1000);
 141:Core/Src/main.c ****     GPIOA->ODR = 0b11001100000;
 142:Core/Src/main.c ****     display7SEG(5);
 143:Core/Src/main.c ****     HAL_Delay(1000);
 144:Core/Src/main.c ****     
 145:Core/Src/main.c ****     display7SEG(4);
 146:Core/Src/main.c ****     HAL_Delay(1000);
 147:Core/Src/main.c ****     
ARM GAS  C:\Users\nguye\AppData\Local\Temp\ccwaKxzk.s 			page 4


 148:Core/Src/main.c ****     display7SEG(3);
 149:Core/Src/main.c ****     HAL_Delay(1000);
 150:Core/Src/main.c ****     GPIOA->ODR = 0b11010100000;
 151:Core/Src/main.c ****     display7SEG(2);
 152:Core/Src/main.c ****     HAL_Delay(1000);
 153:Core/Src/main.c ****     
 154:Core/Src/main.c ****     display7SEG(1);
 155:Core/Src/main.c ****     HAL_Delay(1000);
 156:Core/Src/main.c ****     /* USER CODE END WHILE */
 157:Core/Src/main.c **** 
 158:Core/Src/main.c ****     /* USER CODE BEGIN 3 */
 159:Core/Src/main.c ****   }
 160:Core/Src/main.c ****   /* USER CODE END 3 */
 161:Core/Src/main.c **** }
 162:Core/Src/main.c **** 
 163:Core/Src/main.c **** /**
 164:Core/Src/main.c ****   * @brief System Clock Configuration
 165:Core/Src/main.c ****   * @retval None
 166:Core/Src/main.c ****   */
 167:Core/Src/main.c **** void SystemClock_Config(void)
 168:Core/Src/main.c **** {
 169:Core/Src/main.c ****   RCC_OscInitTypeDef RCC_OscInitStruct = {0};
 170:Core/Src/main.c ****   RCC_ClkInitTypeDef RCC_ClkInitStruct = {0};
 171:Core/Src/main.c **** 
 172:Core/Src/main.c ****   /** Initializes the RCC Oscillators according to the specified parameters
 173:Core/Src/main.c ****   * in the RCC_OscInitTypeDef structure.
 174:Core/Src/main.c ****   */
 175:Core/Src/main.c ****   RCC_OscInitStruct.OscillatorType = RCC_OSCILLATORTYPE_HSI;
 176:Core/Src/main.c ****   RCC_OscInitStruct.HSIState = RCC_HSI_ON;
 177:Core/Src/main.c ****   RCC_OscInitStruct.HSICalibrationValue = RCC_HSICALIBRATION_DEFAULT;
 178:Core/Src/main.c ****   RCC_OscInitStruct.PLL.PLLState = RCC_PLL_NONE;
 179:Core/Src/main.c ****   if (HAL_RCC_OscConfig(&RCC_OscInitStruct) != HAL_OK)
 180:Core/Src/main.c ****   {
 181:Core/Src/main.c ****     Error_Handler();
 182:Core/Src/main.c ****   }
 183:Core/Src/main.c **** 
 184:Core/Src/main.c ****   /** Initializes the CPU, AHB and APB buses clocks
 185:Core/Src/main.c ****   */
 186:Core/Src/main.c ****   RCC_ClkInitStruct.ClockType = RCC_CLOCKTYPE_HCLK|RCC_CLOCKTYPE_SYSCLK
 187:Core/Src/main.c ****                               |RCC_CLOCKTYPE_PCLK1|RCC_CLOCKTYPE_PCLK2;
 188:Core/Src/main.c ****   RCC_ClkInitStruct.SYSCLKSource = RCC_SYSCLKSOURCE_HSI;
 189:Core/Src/main.c ****   RCC_ClkInitStruct.AHBCLKDivider = RCC_SYSCLK_DIV1;
 190:Core/Src/main.c ****   RCC_ClkInitStruct.APB1CLKDivider = RCC_HCLK_DIV1;
 191:Core/Src/main.c ****   RCC_ClkInitStruct.APB2CLKDivider = RCC_HCLK_DIV1;
 192:Core/Src/main.c **** 
 193:Core/Src/main.c ****   if (HAL_RCC_ClockConfig(&RCC_ClkInitStruct, FLASH_LATENCY_0) != HAL_OK)
 194:Core/Src/main.c ****   {
 195:Core/Src/main.c ****     Error_Handler();
 196:Core/Src/main.c ****   }
 197:Core/Src/main.c **** }
 198:Core/Src/main.c **** 
 199:Core/Src/main.c **** /**
 200:Core/Src/main.c ****   * @brief GPIO Initialization Function
 201:Core/Src/main.c ****   * @param None
 202:Core/Src/main.c ****   * @retval None
 203:Core/Src/main.c ****   */
 204:Core/Src/main.c **** static void MX_GPIO_Init(void)
ARM GAS  C:\Users\nguye\AppData\Local\Temp\ccwaKxzk.s 			page 5


 205:Core/Src/main.c **** {
  26              		.loc 1 205 1 view -0
  27              		.cfi_startproc
  28              		@ args = 0, pretend = 0, frame = 24
  29              		@ frame_needed = 0, uses_anonymous_args = 0
  30 0000 2DE9F041 		push	{r4, r5, r6, r7, r8, lr}
  31              	.LCFI0:
  32              		.cfi_def_cfa_offset 24
  33              		.cfi_offset 4, -24
  34              		.cfi_offset 5, -20
  35              		.cfi_offset 6, -16
  36              		.cfi_offset 7, -12
  37              		.cfi_offset 8, -8
  38              		.cfi_offset 14, -4
  39 0004 86B0     		sub	sp, sp, #24
  40              	.LCFI1:
  41              		.cfi_def_cfa_offset 48
 206:Core/Src/main.c ****   GPIO_InitTypeDef GPIO_InitStruct = {0};
  42              		.loc 1 206 3 view .LVU1
  43              		.loc 1 206 20 is_stmt 0 view .LVU2
  44 0006 0024     		movs	r4, #0
  45 0008 0294     		str	r4, [sp, #8]
  46 000a 0394     		str	r4, [sp, #12]
  47 000c 0494     		str	r4, [sp, #16]
  48 000e 0594     		str	r4, [sp, #20]
 207:Core/Src/main.c **** 
 208:Core/Src/main.c ****   /* GPIO Ports Clock Enable */
 209:Core/Src/main.c ****   __HAL_RCC_GPIOA_CLK_ENABLE();
  49              		.loc 1 209 3 is_stmt 1 view .LVU3
  50              	.LBB4:
  51              		.loc 1 209 3 view .LVU4
  52              		.loc 1 209 3 view .LVU5
  53 0010 1C4B     		ldr	r3, .L3
  54 0012 9A69     		ldr	r2, [r3, #24]
  55 0014 42F00402 		orr	r2, r2, #4
  56 0018 9A61     		str	r2, [r3, #24]
  57              		.loc 1 209 3 view .LVU6
  58 001a 9A69     		ldr	r2, [r3, #24]
  59 001c 02F00402 		and	r2, r2, #4
  60 0020 0092     		str	r2, [sp]
  61              		.loc 1 209 3 view .LVU7
  62 0022 009A     		ldr	r2, [sp]
  63              	.LBE4:
  64              		.loc 1 209 3 view .LVU8
 210:Core/Src/main.c ****   __HAL_RCC_GPIOB_CLK_ENABLE();
  65              		.loc 1 210 3 view .LVU9
  66              	.LBB5:
  67              		.loc 1 210 3 view .LVU10
  68              		.loc 1 210 3 view .LVU11
  69 0024 9A69     		ldr	r2, [r3, #24]
  70 0026 42F00802 		orr	r2, r2, #8
  71 002a 9A61     		str	r2, [r3, #24]
  72              		.loc 1 210 3 view .LVU12
  73 002c 9B69     		ldr	r3, [r3, #24]
  74 002e 03F00803 		and	r3, r3, #8
  75 0032 0193     		str	r3, [sp, #4]
  76              		.loc 1 210 3 view .LVU13
ARM GAS  C:\Users\nguye\AppData\Local\Temp\ccwaKxzk.s 			page 6


  77 0034 019B     		ldr	r3, [sp, #4]
  78              	.LBE5:
  79              		.loc 1 210 3 view .LVU14
 211:Core/Src/main.c **** 
 212:Core/Src/main.c ****   /*Configure GPIO pin Output Level */
 213:Core/Src/main.c ****   HAL_GPIO_WritePin(GPIOA, GPIO_PIN_5|GPIO_PIN_6|GPIO_PIN_7|GPIO_PIN_8
  80              		.loc 1 213 3 view .LVU15
  81 0036 DFF85080 		ldr	r8, .L3+4
  82 003a 2246     		mov	r2, r4
  83 003c 4FF4FC61 		mov	r1, #2016
  84 0040 4046     		mov	r0, r8
  85 0042 FFF7FEFF 		bl	HAL_GPIO_WritePin
  86              	.LVL0:
 214:Core/Src/main.c ****                           |GPIO_PIN_9|GPIO_PIN_10, GPIO_PIN_RESET);
 215:Core/Src/main.c **** 
 216:Core/Src/main.c ****   /*Configure GPIO pin Output Level */
 217:Core/Src/main.c ****   HAL_GPIO_WritePin(GPIOB, GPIO_PIN_0|GPIO_PIN_1|GPIO_PIN_2|GPIO_PIN_3
  87              		.loc 1 217 3 view .LVU16
  88 0046 114D     		ldr	r5, .L3+8
  89 0048 2246     		mov	r2, r4
  90 004a 7F21     		movs	r1, #127
  91 004c 2846     		mov	r0, r5
  92 004e FFF7FEFF 		bl	HAL_GPIO_WritePin
  93              	.LVL1:
 218:Core/Src/main.c ****                           |GPIO_PIN_4|GPIO_PIN_5|GPIO_PIN_6, GPIO_PIN_RESET);
 219:Core/Src/main.c **** 
 220:Core/Src/main.c ****   /*Configure GPIO pins : PA5 PA6 PA7 PA8
 221:Core/Src/main.c ****                            PA9 PA10 */
 222:Core/Src/main.c ****   GPIO_InitStruct.Pin = GPIO_PIN_5|GPIO_PIN_6|GPIO_PIN_7|GPIO_PIN_8
  94              		.loc 1 222 3 view .LVU17
  95              		.loc 1 222 23 is_stmt 0 view .LVU18
  96 0052 4FF4FC63 		mov	r3, #2016
  97 0056 0293     		str	r3, [sp, #8]
 223:Core/Src/main.c ****                           |GPIO_PIN_9|GPIO_PIN_10;
 224:Core/Src/main.c ****   GPIO_InitStruct.Mode = GPIO_MODE_OUTPUT_PP;
  98              		.loc 1 224 3 is_stmt 1 view .LVU19
  99              		.loc 1 224 24 is_stmt 0 view .LVU20
 100 0058 0127     		movs	r7, #1
 101 005a 0397     		str	r7, [sp, #12]
 225:Core/Src/main.c ****   GPIO_InitStruct.Pull = GPIO_NOPULL;
 102              		.loc 1 225 3 is_stmt 1 view .LVU21
 103              		.loc 1 225 24 is_stmt 0 view .LVU22
 104 005c 0494     		str	r4, [sp, #16]
 226:Core/Src/main.c ****   GPIO_InitStruct.Speed = GPIO_SPEED_FREQ_LOW;
 105              		.loc 1 226 3 is_stmt 1 view .LVU23
 106              		.loc 1 226 25 is_stmt 0 view .LVU24
 107 005e 0226     		movs	r6, #2
 108 0060 0596     		str	r6, [sp, #20]
 227:Core/Src/main.c ****   HAL_GPIO_Init(GPIOA, &GPIO_InitStruct);
 109              		.loc 1 227 3 is_stmt 1 view .LVU25
 110 0062 02A9     		add	r1, sp, #8
 111 0064 4046     		mov	r0, r8
 112 0066 FFF7FEFF 		bl	HAL_GPIO_Init
 113              	.LVL2:
 228:Core/Src/main.c **** 
 229:Core/Src/main.c ****   /*Configure GPIO pins : PB0 PB1 PB2 PB3
 230:Core/Src/main.c ****                            PB4 PB5 PB6 */
ARM GAS  C:\Users\nguye\AppData\Local\Temp\ccwaKxzk.s 			page 7


 231:Core/Src/main.c ****   GPIO_InitStruct.Pin = GPIO_PIN_0|GPIO_PIN_1|GPIO_PIN_2|GPIO_PIN_3
 114              		.loc 1 231 3 view .LVU26
 115              		.loc 1 231 23 is_stmt 0 view .LVU27
 116 006a 7F23     		movs	r3, #127
 117 006c 0293     		str	r3, [sp, #8]
 232:Core/Src/main.c ****                           |GPIO_PIN_4|GPIO_PIN_5|GPIO_PIN_6;
 233:Core/Src/main.c ****   GPIO_InitStruct.Mode = GPIO_MODE_OUTPUT_PP;
 118              		.loc 1 233 3 is_stmt 1 view .LVU28
 119              		.loc 1 233 24 is_stmt 0 view .LVU29
 120 006e 0397     		str	r7, [sp, #12]
 234:Core/Src/main.c ****   GPIO_InitStruct.Pull = GPIO_NOPULL;
 121              		.loc 1 234 3 is_stmt 1 view .LVU30
 122              		.loc 1 234 24 is_stmt 0 view .LVU31
 123 0070 0494     		str	r4, [sp, #16]
 235:Core/Src/main.c ****   GPIO_InitStruct.Speed = GPIO_SPEED_FREQ_LOW;
 124              		.loc 1 235 3 is_stmt 1 view .LVU32
 125              		.loc 1 235 25 is_stmt 0 view .LVU33
 126 0072 0596     		str	r6, [sp, #20]
 236:Core/Src/main.c ****   HAL_GPIO_Init(GPIOB, &GPIO_InitStruct);
 127              		.loc 1 236 3 is_stmt 1 view .LVU34
 128 0074 02A9     		add	r1, sp, #8
 129 0076 2846     		mov	r0, r5
 130 0078 FFF7FEFF 		bl	HAL_GPIO_Init
 131              	.LVL3:
 237:Core/Src/main.c **** 
 238:Core/Src/main.c **** }
 132              		.loc 1 238 1 is_stmt 0 view .LVU35
 133 007c 06B0     		add	sp, sp, #24
 134              	.LCFI2:
 135              		.cfi_def_cfa_offset 24
 136              		@ sp needed
 137 007e BDE8F081 		pop	{r4, r5, r6, r7, r8, pc}
 138              	.L4:
 139 0082 00BF     		.align	2
 140              	.L3:
 141 0084 00100240 		.word	1073876992
 142 0088 00080140 		.word	1073809408
 143 008c 000C0140 		.word	1073810432
 144              		.cfi_endproc
 145              	.LFE68:
 147              		.section	.text.display7SEG,"ax",%progbits
 148              		.align	1
 149              		.global	display7SEG
 150              		.syntax unified
 151              		.thumb
 152              		.thumb_func
 154              	display7SEG:
 155              	.LVL4:
 156              	.LFB65:
  65:Core/Src/main.c **** 
 157              		.loc 1 65 27 is_stmt 1 view -0
 158              		.cfi_startproc
 159              		@ args = 0, pretend = 0, frame = 0
 160              		@ frame_needed = 0, uses_anonymous_args = 0
 161              		@ link register save eliminated.
  68:Core/Src/main.c ****   
 162              		.loc 1 68 3 view .LVU37
ARM GAS  C:\Users\nguye\AppData\Local\Temp\ccwaKxzk.s 			page 8


  70:Core/Src/main.c ****     SEG_g,                                // 0
 163              		.loc 1 70 3 view .LVU38
  83:Core/Src/main.c ****   
 164              		.loc 1 83 3 view .LVU39
  83:Core/Src/main.c ****   
 165              		.loc 1 83 18 is_stmt 0 view .LVU40
 166 0000 054B     		ldr	r3, .L6
 167 0002 33F81020 		ldrh	r2, [r3, r0, lsl #1]
 168              	.LVL5:
  85:Core/Src/main.c **** 
 169              		.loc 1 85 3 is_stmt 1 view .LVU41
  85:Core/Src/main.c **** 
 170              		.loc 1 85 51 is_stmt 0 view .LVU42
 171 0006 D343     		mvns	r3, r2
  85:Core/Src/main.c **** 
 172              		.loc 1 85 62 view .LVU43
 173 0008 1B04     		lsls	r3, r3, #16
 174 000a 03F4FE03 		and	r3, r3, #8323072
  85:Core/Src/main.c **** 
 175              		.loc 1 85 26 view .LVU44
 176 000e 1A43     		orrs	r2, r2, r3
 177              	.LVL6:
  85:Core/Src/main.c **** 
 178              		.loc 1 85 15 view .LVU45
 179 0010 024B     		ldr	r3, .L6+4
 180 0012 1A61     		str	r2, [r3, #16]
  87:Core/Src/main.c **** /* USER CODE END 0 */
 181              		.loc 1 87 1 view .LVU46
 182 0014 7047     		bx	lr
 183              	.L7:
 184 0016 00BF     		.align	2
 185              	.L6:
 186 0018 00000000 		.word	.LANCHOR0
 187 001c 000C0140 		.word	1073810432
 188              		.cfi_endproc
 189              	.LFE65:
 191              		.section	.text.Error_Handler,"ax",%progbits
 192              		.align	1
 193              		.global	Error_Handler
 194              		.syntax unified
 195              		.thumb
 196              		.thumb_func
 198              	Error_Handler:
 199              	.LFB69:
 239:Core/Src/main.c **** 
 240:Core/Src/main.c **** /* USER CODE BEGIN 4 */
 241:Core/Src/main.c **** 
 242:Core/Src/main.c **** /* USER CODE END 4 */
 243:Core/Src/main.c **** 
 244:Core/Src/main.c **** /**
 245:Core/Src/main.c ****   * @brief  This function is executed in case of error occurrence.
 246:Core/Src/main.c ****   * @retval None
 247:Core/Src/main.c ****   */
 248:Core/Src/main.c **** void Error_Handler(void)
 249:Core/Src/main.c **** {
 200              		.loc 1 249 1 is_stmt 1 view -0
 201              		.cfi_startproc
ARM GAS  C:\Users\nguye\AppData\Local\Temp\ccwaKxzk.s 			page 9


 202              		@ Volatile: function does not return.
 203              		@ args = 0, pretend = 0, frame = 0
 204              		@ frame_needed = 0, uses_anonymous_args = 0
 205              		@ link register save eliminated.
 250:Core/Src/main.c ****   /* USER CODE BEGIN Error_Handler_Debug */
 251:Core/Src/main.c ****   /* User can add his own implementation to report the HAL error return state */
 252:Core/Src/main.c ****   __disable_irq();
 206              		.loc 1 252 3 view .LVU48
 207              	.LBB6:
 208              	.LBI6:
 209              		.file 2 "Drivers/CMSIS/Include/cmsis_gcc.h"
   1:Drivers/CMSIS/Include/cmsis_gcc.h **** /**************************************************************************//**
   2:Drivers/CMSIS/Include/cmsis_gcc.h ****  * @file     cmsis_gcc.h
   3:Drivers/CMSIS/Include/cmsis_gcc.h ****  * @brief    CMSIS compiler GCC header file
   4:Drivers/CMSIS/Include/cmsis_gcc.h ****  * @version  V5.0.4
   5:Drivers/CMSIS/Include/cmsis_gcc.h ****  * @date     09. April 2018
   6:Drivers/CMSIS/Include/cmsis_gcc.h ****  ******************************************************************************/
   7:Drivers/CMSIS/Include/cmsis_gcc.h **** /*
   8:Drivers/CMSIS/Include/cmsis_gcc.h ****  * Copyright (c) 2009-2018 Arm Limited. All rights reserved.
   9:Drivers/CMSIS/Include/cmsis_gcc.h ****  *
  10:Drivers/CMSIS/Include/cmsis_gcc.h ****  * SPDX-License-Identifier: Apache-2.0
  11:Drivers/CMSIS/Include/cmsis_gcc.h ****  *
  12:Drivers/CMSIS/Include/cmsis_gcc.h ****  * Licensed under the Apache License, Version 2.0 (the License); you may
  13:Drivers/CMSIS/Include/cmsis_gcc.h ****  * not use this file except in compliance with the License.
  14:Drivers/CMSIS/Include/cmsis_gcc.h ****  * You may obtain a copy of the License at
  15:Drivers/CMSIS/Include/cmsis_gcc.h ****  *
  16:Drivers/CMSIS/Include/cmsis_gcc.h ****  * www.apache.org/licenses/LICENSE-2.0
  17:Drivers/CMSIS/Include/cmsis_gcc.h ****  *
  18:Drivers/CMSIS/Include/cmsis_gcc.h ****  * Unless required by applicable law or agreed to in writing, software
  19:Drivers/CMSIS/Include/cmsis_gcc.h ****  * distributed under the License is distributed on an AS IS BASIS, WITHOUT
  20:Drivers/CMSIS/Include/cmsis_gcc.h ****  * WARRANTIES OR CONDITIONS OF ANY KIND, either express or implied.
  21:Drivers/CMSIS/Include/cmsis_gcc.h ****  * See the License for the specific language governing permissions and
  22:Drivers/CMSIS/Include/cmsis_gcc.h ****  * limitations under the License.
  23:Drivers/CMSIS/Include/cmsis_gcc.h ****  */
  24:Drivers/CMSIS/Include/cmsis_gcc.h **** 
  25:Drivers/CMSIS/Include/cmsis_gcc.h **** #ifndef __CMSIS_GCC_H
  26:Drivers/CMSIS/Include/cmsis_gcc.h **** #define __CMSIS_GCC_H
  27:Drivers/CMSIS/Include/cmsis_gcc.h **** 
  28:Drivers/CMSIS/Include/cmsis_gcc.h **** /* ignore some GCC warnings */
  29:Drivers/CMSIS/Include/cmsis_gcc.h **** #pragma GCC diagnostic push
  30:Drivers/CMSIS/Include/cmsis_gcc.h **** #pragma GCC diagnostic ignored "-Wsign-conversion"
  31:Drivers/CMSIS/Include/cmsis_gcc.h **** #pragma GCC diagnostic ignored "-Wconversion"
  32:Drivers/CMSIS/Include/cmsis_gcc.h **** #pragma GCC diagnostic ignored "-Wunused-parameter"
  33:Drivers/CMSIS/Include/cmsis_gcc.h **** 
  34:Drivers/CMSIS/Include/cmsis_gcc.h **** /* Fallback for __has_builtin */
  35:Drivers/CMSIS/Include/cmsis_gcc.h **** #ifndef __has_builtin
  36:Drivers/CMSIS/Include/cmsis_gcc.h ****   #define __has_builtin(x) (0)
  37:Drivers/CMSIS/Include/cmsis_gcc.h **** #endif
  38:Drivers/CMSIS/Include/cmsis_gcc.h **** 
  39:Drivers/CMSIS/Include/cmsis_gcc.h **** /* CMSIS compiler specific defines */
  40:Drivers/CMSIS/Include/cmsis_gcc.h **** #ifndef   __ASM
  41:Drivers/CMSIS/Include/cmsis_gcc.h ****   #define __ASM                                  __asm
  42:Drivers/CMSIS/Include/cmsis_gcc.h **** #endif
  43:Drivers/CMSIS/Include/cmsis_gcc.h **** #ifndef   __INLINE
  44:Drivers/CMSIS/Include/cmsis_gcc.h ****   #define __INLINE                               inline
  45:Drivers/CMSIS/Include/cmsis_gcc.h **** #endif
  46:Drivers/CMSIS/Include/cmsis_gcc.h **** #ifndef   __STATIC_INLINE
ARM GAS  C:\Users\nguye\AppData\Local\Temp\ccwaKxzk.s 			page 10


  47:Drivers/CMSIS/Include/cmsis_gcc.h ****   #define __STATIC_INLINE                        static inline
  48:Drivers/CMSIS/Include/cmsis_gcc.h **** #endif
  49:Drivers/CMSIS/Include/cmsis_gcc.h **** #ifndef   __STATIC_FORCEINLINE                 
  50:Drivers/CMSIS/Include/cmsis_gcc.h ****   #define __STATIC_FORCEINLINE                   __attribute__((always_inline)) static inline
  51:Drivers/CMSIS/Include/cmsis_gcc.h **** #endif                                           
  52:Drivers/CMSIS/Include/cmsis_gcc.h **** #ifndef   __NO_RETURN
  53:Drivers/CMSIS/Include/cmsis_gcc.h ****   #define __NO_RETURN                            __attribute__((__noreturn__))
  54:Drivers/CMSIS/Include/cmsis_gcc.h **** #endif
  55:Drivers/CMSIS/Include/cmsis_gcc.h **** #ifndef   __USED
  56:Drivers/CMSIS/Include/cmsis_gcc.h ****   #define __USED                                 __attribute__((used))
  57:Drivers/CMSIS/Include/cmsis_gcc.h **** #endif
  58:Drivers/CMSIS/Include/cmsis_gcc.h **** #ifndef   __WEAK
  59:Drivers/CMSIS/Include/cmsis_gcc.h ****   #define __WEAK                                 __attribute__((weak))
  60:Drivers/CMSIS/Include/cmsis_gcc.h **** #endif
  61:Drivers/CMSIS/Include/cmsis_gcc.h **** #ifndef   __PACKED
  62:Drivers/CMSIS/Include/cmsis_gcc.h ****   #define __PACKED                               __attribute__((packed, aligned(1)))
  63:Drivers/CMSIS/Include/cmsis_gcc.h **** #endif
  64:Drivers/CMSIS/Include/cmsis_gcc.h **** #ifndef   __PACKED_STRUCT
  65:Drivers/CMSIS/Include/cmsis_gcc.h ****   #define __PACKED_STRUCT                        struct __attribute__((packed, aligned(1)))
  66:Drivers/CMSIS/Include/cmsis_gcc.h **** #endif
  67:Drivers/CMSIS/Include/cmsis_gcc.h **** #ifndef   __PACKED_UNION
  68:Drivers/CMSIS/Include/cmsis_gcc.h ****   #define __PACKED_UNION                         union __attribute__((packed, aligned(1)))
  69:Drivers/CMSIS/Include/cmsis_gcc.h **** #endif
  70:Drivers/CMSIS/Include/cmsis_gcc.h **** #ifndef   __UNALIGNED_UINT32        /* deprecated */
  71:Drivers/CMSIS/Include/cmsis_gcc.h ****   #pragma GCC diagnostic push
  72:Drivers/CMSIS/Include/cmsis_gcc.h ****   #pragma GCC diagnostic ignored "-Wpacked"
  73:Drivers/CMSIS/Include/cmsis_gcc.h ****   #pragma GCC diagnostic ignored "-Wattributes"
  74:Drivers/CMSIS/Include/cmsis_gcc.h ****   struct __attribute__((packed)) T_UINT32 { uint32_t v; };
  75:Drivers/CMSIS/Include/cmsis_gcc.h ****   #pragma GCC diagnostic pop
  76:Drivers/CMSIS/Include/cmsis_gcc.h ****   #define __UNALIGNED_UINT32(x)                  (((struct T_UINT32 *)(x))->v)
  77:Drivers/CMSIS/Include/cmsis_gcc.h **** #endif
  78:Drivers/CMSIS/Include/cmsis_gcc.h **** #ifndef   __UNALIGNED_UINT16_WRITE
  79:Drivers/CMSIS/Include/cmsis_gcc.h ****   #pragma GCC diagnostic push
  80:Drivers/CMSIS/Include/cmsis_gcc.h ****   #pragma GCC diagnostic ignored "-Wpacked"
  81:Drivers/CMSIS/Include/cmsis_gcc.h ****   #pragma GCC diagnostic ignored "-Wattributes"
  82:Drivers/CMSIS/Include/cmsis_gcc.h ****   __PACKED_STRUCT T_UINT16_WRITE { uint16_t v; };
  83:Drivers/CMSIS/Include/cmsis_gcc.h ****   #pragma GCC diagnostic pop
  84:Drivers/CMSIS/Include/cmsis_gcc.h ****   #define __UNALIGNED_UINT16_WRITE(addr, val)    (void)((((struct T_UINT16_WRITE *)(void *)(addr))-
  85:Drivers/CMSIS/Include/cmsis_gcc.h **** #endif
  86:Drivers/CMSIS/Include/cmsis_gcc.h **** #ifndef   __UNALIGNED_UINT16_READ
  87:Drivers/CMSIS/Include/cmsis_gcc.h ****   #pragma GCC diagnostic push
  88:Drivers/CMSIS/Include/cmsis_gcc.h ****   #pragma GCC diagnostic ignored "-Wpacked"
  89:Drivers/CMSIS/Include/cmsis_gcc.h ****   #pragma GCC diagnostic ignored "-Wattributes"
  90:Drivers/CMSIS/Include/cmsis_gcc.h ****   __PACKED_STRUCT T_UINT16_READ { uint16_t v; };
  91:Drivers/CMSIS/Include/cmsis_gcc.h ****   #pragma GCC diagnostic pop
  92:Drivers/CMSIS/Include/cmsis_gcc.h ****   #define __UNALIGNED_UINT16_READ(addr)          (((const struct T_UINT16_READ *)(const void *)(add
  93:Drivers/CMSIS/Include/cmsis_gcc.h **** #endif
  94:Drivers/CMSIS/Include/cmsis_gcc.h **** #ifndef   __UNALIGNED_UINT32_WRITE
  95:Drivers/CMSIS/Include/cmsis_gcc.h ****   #pragma GCC diagnostic push
  96:Drivers/CMSIS/Include/cmsis_gcc.h ****   #pragma GCC diagnostic ignored "-Wpacked"
  97:Drivers/CMSIS/Include/cmsis_gcc.h ****   #pragma GCC diagnostic ignored "-Wattributes"
  98:Drivers/CMSIS/Include/cmsis_gcc.h ****   __PACKED_STRUCT T_UINT32_WRITE { uint32_t v; };
  99:Drivers/CMSIS/Include/cmsis_gcc.h ****   #pragma GCC diagnostic pop
 100:Drivers/CMSIS/Include/cmsis_gcc.h ****   #define __UNALIGNED_UINT32_WRITE(addr, val)    (void)((((struct T_UINT32_WRITE *)(void *)(addr))-
 101:Drivers/CMSIS/Include/cmsis_gcc.h **** #endif
 102:Drivers/CMSIS/Include/cmsis_gcc.h **** #ifndef   __UNALIGNED_UINT32_READ
 103:Drivers/CMSIS/Include/cmsis_gcc.h ****   #pragma GCC diagnostic push
ARM GAS  C:\Users\nguye\AppData\Local\Temp\ccwaKxzk.s 			page 11


 104:Drivers/CMSIS/Include/cmsis_gcc.h ****   #pragma GCC diagnostic ignored "-Wpacked"
 105:Drivers/CMSIS/Include/cmsis_gcc.h ****   #pragma GCC diagnostic ignored "-Wattributes"
 106:Drivers/CMSIS/Include/cmsis_gcc.h ****   __PACKED_STRUCT T_UINT32_READ { uint32_t v; };
 107:Drivers/CMSIS/Include/cmsis_gcc.h ****   #pragma GCC diagnostic pop
 108:Drivers/CMSIS/Include/cmsis_gcc.h ****   #define __UNALIGNED_UINT32_READ(addr)          (((const struct T_UINT32_READ *)(const void *)(add
 109:Drivers/CMSIS/Include/cmsis_gcc.h **** #endif
 110:Drivers/CMSIS/Include/cmsis_gcc.h **** #ifndef   __ALIGNED
 111:Drivers/CMSIS/Include/cmsis_gcc.h ****   #define __ALIGNED(x)                           __attribute__((aligned(x)))
 112:Drivers/CMSIS/Include/cmsis_gcc.h **** #endif
 113:Drivers/CMSIS/Include/cmsis_gcc.h **** #ifndef   __RESTRICT
 114:Drivers/CMSIS/Include/cmsis_gcc.h ****   #define __RESTRICT                             __restrict
 115:Drivers/CMSIS/Include/cmsis_gcc.h **** #endif
 116:Drivers/CMSIS/Include/cmsis_gcc.h **** 
 117:Drivers/CMSIS/Include/cmsis_gcc.h **** 
 118:Drivers/CMSIS/Include/cmsis_gcc.h **** /* ###########################  Core Function Access  ########################### */
 119:Drivers/CMSIS/Include/cmsis_gcc.h **** /** \ingroup  CMSIS_Core_FunctionInterface
 120:Drivers/CMSIS/Include/cmsis_gcc.h ****     \defgroup CMSIS_Core_RegAccFunctions CMSIS Core Register Access Functions
 121:Drivers/CMSIS/Include/cmsis_gcc.h ****   @{
 122:Drivers/CMSIS/Include/cmsis_gcc.h ****  */
 123:Drivers/CMSIS/Include/cmsis_gcc.h **** 
 124:Drivers/CMSIS/Include/cmsis_gcc.h **** /**
 125:Drivers/CMSIS/Include/cmsis_gcc.h ****   \brief   Enable IRQ Interrupts
 126:Drivers/CMSIS/Include/cmsis_gcc.h ****   \details Enables IRQ interrupts by clearing the I-bit in the CPSR.
 127:Drivers/CMSIS/Include/cmsis_gcc.h ****            Can only be executed in Privileged modes.
 128:Drivers/CMSIS/Include/cmsis_gcc.h ****  */
 129:Drivers/CMSIS/Include/cmsis_gcc.h **** __STATIC_FORCEINLINE void __enable_irq(void)
 130:Drivers/CMSIS/Include/cmsis_gcc.h **** {
 131:Drivers/CMSIS/Include/cmsis_gcc.h ****   __ASM volatile ("cpsie i" : : : "memory");
 132:Drivers/CMSIS/Include/cmsis_gcc.h **** }
 133:Drivers/CMSIS/Include/cmsis_gcc.h **** 
 134:Drivers/CMSIS/Include/cmsis_gcc.h **** 
 135:Drivers/CMSIS/Include/cmsis_gcc.h **** /**
 136:Drivers/CMSIS/Include/cmsis_gcc.h ****   \brief   Disable IRQ Interrupts
 137:Drivers/CMSIS/Include/cmsis_gcc.h ****   \details Disables IRQ interrupts by setting the I-bit in the CPSR.
 138:Drivers/CMSIS/Include/cmsis_gcc.h ****            Can only be executed in Privileged modes.
 139:Drivers/CMSIS/Include/cmsis_gcc.h ****  */
 140:Drivers/CMSIS/Include/cmsis_gcc.h **** __STATIC_FORCEINLINE void __disable_irq(void)
 210              		.loc 2 140 27 view .LVU49
 211              	.LBB7:
 141:Drivers/CMSIS/Include/cmsis_gcc.h **** {
 142:Drivers/CMSIS/Include/cmsis_gcc.h ****   __ASM volatile ("cpsid i" : : : "memory");
 212              		.loc 2 142 3 view .LVU50
 213              		.syntax unified
 214              	@ 142 "Drivers/CMSIS/Include/cmsis_gcc.h" 1
 215 0000 72B6     		cpsid i
 216              	@ 0 "" 2
 217              		.thumb
 218              		.syntax unified
 219              	.L9:
 220              	.LBE7:
 221              	.LBE6:
 253:Core/Src/main.c ****   while (1)
 222              		.loc 1 253 3 discriminator 1 view .LVU51
 254:Core/Src/main.c ****   {
 255:Core/Src/main.c ****   }
 223              		.loc 1 255 3 discriminator 1 view .LVU52
 253:Core/Src/main.c ****   while (1)
ARM GAS  C:\Users\nguye\AppData\Local\Temp\ccwaKxzk.s 			page 12


 224              		.loc 1 253 9 discriminator 1 view .LVU53
 225 0002 FEE7     		b	.L9
 226              		.cfi_endproc
 227              	.LFE69:
 229              		.section	.text.SystemClock_Config,"ax",%progbits
 230              		.align	1
 231              		.global	SystemClock_Config
 232              		.syntax unified
 233              		.thumb
 234              		.thumb_func
 236              	SystemClock_Config:
 237              	.LFB67:
 168:Core/Src/main.c ****   RCC_OscInitTypeDef RCC_OscInitStruct = {0};
 238              		.loc 1 168 1 view -0
 239              		.cfi_startproc
 240              		@ args = 0, pretend = 0, frame = 64
 241              		@ frame_needed = 0, uses_anonymous_args = 0
 242 0000 00B5     		push	{lr}
 243              	.LCFI3:
 244              		.cfi_def_cfa_offset 4
 245              		.cfi_offset 14, -4
 246 0002 91B0     		sub	sp, sp, #68
 247              	.LCFI4:
 248              		.cfi_def_cfa_offset 72
 169:Core/Src/main.c ****   RCC_ClkInitTypeDef RCC_ClkInitStruct = {0};
 249              		.loc 1 169 3 view .LVU55
 169:Core/Src/main.c ****   RCC_ClkInitTypeDef RCC_ClkInitStruct = {0};
 250              		.loc 1 169 22 is_stmt 0 view .LVU56
 251 0004 2822     		movs	r2, #40
 252 0006 0021     		movs	r1, #0
 253 0008 06A8     		add	r0, sp, #24
 254 000a FFF7FEFF 		bl	memset
 255              	.LVL7:
 170:Core/Src/main.c **** 
 256              		.loc 1 170 3 is_stmt 1 view .LVU57
 170:Core/Src/main.c **** 
 257              		.loc 1 170 22 is_stmt 0 view .LVU58
 258 000e 0023     		movs	r3, #0
 259 0010 0193     		str	r3, [sp, #4]
 260 0012 0293     		str	r3, [sp, #8]
 261 0014 0393     		str	r3, [sp, #12]
 262 0016 0493     		str	r3, [sp, #16]
 263 0018 0593     		str	r3, [sp, #20]
 175:Core/Src/main.c ****   RCC_OscInitStruct.HSIState = RCC_HSI_ON;
 264              		.loc 1 175 3 is_stmt 1 view .LVU59
 175:Core/Src/main.c ****   RCC_OscInitStruct.HSIState = RCC_HSI_ON;
 265              		.loc 1 175 36 is_stmt 0 view .LVU60
 266 001a 0223     		movs	r3, #2
 267 001c 0693     		str	r3, [sp, #24]
 176:Core/Src/main.c ****   RCC_OscInitStruct.HSICalibrationValue = RCC_HSICALIBRATION_DEFAULT;
 268              		.loc 1 176 3 is_stmt 1 view .LVU61
 176:Core/Src/main.c ****   RCC_OscInitStruct.HSICalibrationValue = RCC_HSICALIBRATION_DEFAULT;
 269              		.loc 1 176 30 is_stmt 0 view .LVU62
 270 001e 0123     		movs	r3, #1
 271 0020 0A93     		str	r3, [sp, #40]
 177:Core/Src/main.c ****   RCC_OscInitStruct.PLL.PLLState = RCC_PLL_NONE;
 272              		.loc 1 177 3 is_stmt 1 view .LVU63
ARM GAS  C:\Users\nguye\AppData\Local\Temp\ccwaKxzk.s 			page 13


 177:Core/Src/main.c ****   RCC_OscInitStruct.PLL.PLLState = RCC_PLL_NONE;
 273              		.loc 1 177 41 is_stmt 0 view .LVU64
 274 0022 1023     		movs	r3, #16
 275 0024 0B93     		str	r3, [sp, #44]
 178:Core/Src/main.c ****   if (HAL_RCC_OscConfig(&RCC_OscInitStruct) != HAL_OK)
 276              		.loc 1 178 3 is_stmt 1 view .LVU65
 179:Core/Src/main.c ****   {
 277              		.loc 1 179 3 view .LVU66
 179:Core/Src/main.c ****   {
 278              		.loc 1 179 7 is_stmt 0 view .LVU67
 279 0026 06A8     		add	r0, sp, #24
 280 0028 FFF7FEFF 		bl	HAL_RCC_OscConfig
 281              	.LVL8:
 179:Core/Src/main.c ****   {
 282              		.loc 1 179 6 view .LVU68
 283 002c 68B9     		cbnz	r0, .L14
 186:Core/Src/main.c ****                               |RCC_CLOCKTYPE_PCLK1|RCC_CLOCKTYPE_PCLK2;
 284              		.loc 1 186 3 is_stmt 1 view .LVU69
 186:Core/Src/main.c ****                               |RCC_CLOCKTYPE_PCLK1|RCC_CLOCKTYPE_PCLK2;
 285              		.loc 1 186 31 is_stmt 0 view .LVU70
 286 002e 0F23     		movs	r3, #15
 287 0030 0193     		str	r3, [sp, #4]
 188:Core/Src/main.c ****   RCC_ClkInitStruct.AHBCLKDivider = RCC_SYSCLK_DIV1;
 288              		.loc 1 188 3 is_stmt 1 view .LVU71
 188:Core/Src/main.c ****   RCC_ClkInitStruct.AHBCLKDivider = RCC_SYSCLK_DIV1;
 289              		.loc 1 188 34 is_stmt 0 view .LVU72
 290 0032 0021     		movs	r1, #0
 291 0034 0291     		str	r1, [sp, #8]
 189:Core/Src/main.c ****   RCC_ClkInitStruct.APB1CLKDivider = RCC_HCLK_DIV1;
 292              		.loc 1 189 3 is_stmt 1 view .LVU73
 189:Core/Src/main.c ****   RCC_ClkInitStruct.APB1CLKDivider = RCC_HCLK_DIV1;
 293              		.loc 1 189 35 is_stmt 0 view .LVU74
 294 0036 0391     		str	r1, [sp, #12]
 190:Core/Src/main.c ****   RCC_ClkInitStruct.APB2CLKDivider = RCC_HCLK_DIV1;
 295              		.loc 1 190 3 is_stmt 1 view .LVU75
 190:Core/Src/main.c ****   RCC_ClkInitStruct.APB2CLKDivider = RCC_HCLK_DIV1;
 296              		.loc 1 190 36 is_stmt 0 view .LVU76
 297 0038 0491     		str	r1, [sp, #16]
 191:Core/Src/main.c **** 
 298              		.loc 1 191 3 is_stmt 1 view .LVU77
 191:Core/Src/main.c **** 
 299              		.loc 1 191 36 is_stmt 0 view .LVU78
 300 003a 0591     		str	r1, [sp, #20]
 193:Core/Src/main.c ****   {
 301              		.loc 1 193 3 is_stmt 1 view .LVU79
 193:Core/Src/main.c ****   {
 302              		.loc 1 193 7 is_stmt 0 view .LVU80
 303 003c 01A8     		add	r0, sp, #4
 304 003e FFF7FEFF 		bl	HAL_RCC_ClockConfig
 305              	.LVL9:
 193:Core/Src/main.c ****   {
 306              		.loc 1 193 6 view .LVU81
 307 0042 20B9     		cbnz	r0, .L15
 197:Core/Src/main.c **** 
 308              		.loc 1 197 1 view .LVU82
 309 0044 11B0     		add	sp, sp, #68
 310              	.LCFI5:
ARM GAS  C:\Users\nguye\AppData\Local\Temp\ccwaKxzk.s 			page 14


 311              		.cfi_remember_state
 312              		.cfi_def_cfa_offset 4
 313              		@ sp needed
 314 0046 5DF804FB 		ldr	pc, [sp], #4
 315              	.L14:
 316              	.LCFI6:
 317              		.cfi_restore_state
 181:Core/Src/main.c ****   }
 318              		.loc 1 181 5 is_stmt 1 view .LVU83
 319 004a FFF7FEFF 		bl	Error_Handler
 320              	.LVL10:
 321              	.L15:
 195:Core/Src/main.c ****   }
 322              		.loc 1 195 5 view .LVU84
 323 004e FFF7FEFF 		bl	Error_Handler
 324              	.LVL11:
 325              		.cfi_endproc
 326              	.LFE67:
 328              		.section	.text.main,"ax",%progbits
 329              		.align	1
 330              		.global	main
 331              		.syntax unified
 332              		.thumb
 333              		.thumb_func
 335              	main:
 336              	.LFB66:
  95:Core/Src/main.c ****   /* USER CODE BEGIN 1 */
 337              		.loc 1 95 1 view -0
 338              		.cfi_startproc
 339              		@ Volatile: function does not return.
 340              		@ args = 0, pretend = 0, frame = 0
 341              		@ frame_needed = 0, uses_anonymous_args = 0
 342 0000 08B5     		push	{r3, lr}
 343              	.LCFI7:
 344              		.cfi_def_cfa_offset 8
 345              		.cfi_offset 3, -8
 346              		.cfi_offset 14, -4
 103:Core/Src/main.c **** 
 347              		.loc 1 103 3 view .LVU86
 348 0002 FFF7FEFF 		bl	HAL_Init
 349              	.LVL12:
 110:Core/Src/main.c **** 
 350              		.loc 1 110 3 view .LVU87
 351 0006 FFF7FEFF 		bl	SystemClock_Config
 352              	.LVL13:
 117:Core/Src/main.c ****   /* USER CODE BEGIN 2 */
 353              		.loc 1 117 3 view .LVU88
 354 000a FFF7FEFF 		bl	MX_GPIO_Init
 355              	.LVL14:
 356              	.L17:
 124:Core/Src/main.c ****   {
 357              		.loc 1 124 3 discriminator 1 view .LVU89
 126:Core/Src/main.c ****     display7SEG(3);
 358              		.loc 1 126 5 discriminator 1 view .LVU90
 126:Core/Src/main.c ****     display7SEG(3);
 359              		.loc 1 126 16 is_stmt 0 discriminator 1 view .LVU91
 360 000e 2A4C     		ldr	r4, .L19
ARM GAS  C:\Users\nguye\AppData\Local\Temp\ccwaKxzk.s 			page 15


 361 0010 4FF47073 		mov	r3, #960
 362 0014 E360     		str	r3, [r4, #12]
 127:Core/Src/main.c ****     HAL_Delay(1000);
 363              		.loc 1 127 5 is_stmt 1 discriminator 1 view .LVU92
 364 0016 0320     		movs	r0, #3
 365 0018 FFF7FEFF 		bl	display7SEG
 366              	.LVL15:
 128:Core/Src/main.c ****     
 367              		.loc 1 128 5 discriminator 1 view .LVU93
 368 001c 4FF47A70 		mov	r0, #1000
 369 0020 FFF7FEFF 		bl	HAL_Delay
 370              	.LVL16:
 130:Core/Src/main.c ****     HAL_Delay(1000);
 371              		.loc 1 130 5 discriminator 1 view .LVU94
 372 0024 0220     		movs	r0, #2
 373 0026 FFF7FEFF 		bl	display7SEG
 374              	.LVL17:
 131:Core/Src/main.c ****     
 375              		.loc 1 131 5 discriminator 1 view .LVU95
 376 002a 4FF47A70 		mov	r0, #1000
 377 002e FFF7FEFF 		bl	HAL_Delay
 378              	.LVL18:
 133:Core/Src/main.c ****     HAL_Delay(1000);
 379              		.loc 1 133 5 discriminator 1 view .LVU96
 380 0032 0120     		movs	r0, #1
 381 0034 FFF7FEFF 		bl	display7SEG
 382              	.LVL19:
 134:Core/Src/main.c ****     GPIOA->ODR = 0b10111000000;
 383              		.loc 1 134 5 discriminator 1 view .LVU97
 384 0038 4FF47A70 		mov	r0, #1000
 385 003c FFF7FEFF 		bl	HAL_Delay
 386              	.LVL20:
 135:Core/Src/main.c ****     display7SEG(2);
 387              		.loc 1 135 5 discriminator 1 view .LVU98
 135:Core/Src/main.c ****     display7SEG(2);
 388              		.loc 1 135 16 is_stmt 0 discriminator 1 view .LVU99
 389 0040 4FF4B863 		mov	r3, #1472
 390 0044 E360     		str	r3, [r4, #12]
 136:Core/Src/main.c ****     HAL_Delay(1000);
 391              		.loc 1 136 5 is_stmt 1 discriminator 1 view .LVU100
 392 0046 0220     		movs	r0, #2
 393 0048 FFF7FEFF 		bl	display7SEG
 394              	.LVL21:
 137:Core/Src/main.c ****     
 395              		.loc 1 137 5 discriminator 1 view .LVU101
 396 004c 4FF47A70 		mov	r0, #1000
 397 0050 FFF7FEFF 		bl	HAL_Delay
 398              	.LVL22:
 139:Core/Src/main.c ****     HAL_Delay(1000);
 399              		.loc 1 139 5 discriminator 1 view .LVU102
 400 0054 0120     		movs	r0, #1
 401 0056 FFF7FEFF 		bl	display7SEG
 402              	.LVL23:
 140:Core/Src/main.c ****     GPIOA->ODR = 0b11001100000;
 403              		.loc 1 140 5 discriminator 1 view .LVU103
 404 005a 4FF47A70 		mov	r0, #1000
 405 005e FFF7FEFF 		bl	HAL_Delay
ARM GAS  C:\Users\nguye\AppData\Local\Temp\ccwaKxzk.s 			page 16


 406              	.LVL24:
 141:Core/Src/main.c ****     display7SEG(5);
 407              		.loc 1 141 5 discriminator 1 view .LVU104
 141:Core/Src/main.c ****     display7SEG(5);
 408              		.loc 1 141 16 is_stmt 0 discriminator 1 view .LVU105
 409 0062 4FF4CC63 		mov	r3, #1632
 410 0066 E360     		str	r3, [r4, #12]
 142:Core/Src/main.c ****     HAL_Delay(1000);
 411              		.loc 1 142 5 is_stmt 1 discriminator 1 view .LVU106
 412 0068 0520     		movs	r0, #5
 413 006a FFF7FEFF 		bl	display7SEG
 414              	.LVL25:
 143:Core/Src/main.c ****     
 415              		.loc 1 143 5 discriminator 1 view .LVU107
 416 006e 4FF47A70 		mov	r0, #1000
 417 0072 FFF7FEFF 		bl	HAL_Delay
 418              	.LVL26:
 145:Core/Src/main.c ****     HAL_Delay(1000);
 419              		.loc 1 145 5 discriminator 1 view .LVU108
 420 0076 0420     		movs	r0, #4
 421 0078 FFF7FEFF 		bl	display7SEG
 422              	.LVL27:
 146:Core/Src/main.c ****     
 423              		.loc 1 146 5 discriminator 1 view .LVU109
 424 007c 4FF47A70 		mov	r0, #1000
 425 0080 FFF7FEFF 		bl	HAL_Delay
 426              	.LVL28:
 148:Core/Src/main.c ****     HAL_Delay(1000);
 427              		.loc 1 148 5 discriminator 1 view .LVU110
 428 0084 0320     		movs	r0, #3
 429 0086 FFF7FEFF 		bl	display7SEG
 430              	.LVL29:
 149:Core/Src/main.c ****     GPIOA->ODR = 0b11010100000;
 431              		.loc 1 149 5 discriminator 1 view .LVU111
 432 008a 4FF47A70 		mov	r0, #1000
 433 008e FFF7FEFF 		bl	HAL_Delay
 434              	.LVL30:
 150:Core/Src/main.c ****     display7SEG(2);
 435              		.loc 1 150 5 discriminator 1 view .LVU112
 150:Core/Src/main.c ****     display7SEG(2);
 436              		.loc 1 150 16 is_stmt 0 discriminator 1 view .LVU113
 437 0092 4FF4D463 		mov	r3, #1696
 438 0096 E360     		str	r3, [r4, #12]
 151:Core/Src/main.c ****     HAL_Delay(1000);
 439              		.loc 1 151 5 is_stmt 1 discriminator 1 view .LVU114
 440 0098 0220     		movs	r0, #2
 441 009a FFF7FEFF 		bl	display7SEG
 442              	.LVL31:
 152:Core/Src/main.c ****     
 443              		.loc 1 152 5 discriminator 1 view .LVU115
 444 009e 4FF47A70 		mov	r0, #1000
 445 00a2 FFF7FEFF 		bl	HAL_Delay
 446              	.LVL32:
 154:Core/Src/main.c ****     HAL_Delay(1000);
 447              		.loc 1 154 5 discriminator 1 view .LVU116
 448 00a6 0120     		movs	r0, #1
 449 00a8 FFF7FEFF 		bl	display7SEG
ARM GAS  C:\Users\nguye\AppData\Local\Temp\ccwaKxzk.s 			page 17


 450              	.LVL33:
 155:Core/Src/main.c ****     /* USER CODE END WHILE */
 451              		.loc 1 155 5 discriminator 1 view .LVU117
 452 00ac 4FF47A70 		mov	r0, #1000
 453 00b0 FFF7FEFF 		bl	HAL_Delay
 454              	.LVL34:
 124:Core/Src/main.c ****   {
 455              		.loc 1 124 9 discriminator 1 view .LVU118
 456 00b4 ABE7     		b	.L17
 457              	.L20:
 458 00b6 00BF     		.align	2
 459              	.L19:
 460 00b8 00080140 		.word	1073809408
 461              		.cfi_endproc
 462              	.LFE66:
 464              		.section	.rodata.LUT_SET.0,"a"
 465              		.align	2
 466              		.set	.LANCHOR0,. + 0
 469              	LUT_SET.0:
 470 0000 4000     		.short	64
 471 0002 7900     		.short	121
 472 0004 2400     		.short	36
 473 0006 3000     		.short	48
 474 0008 1900     		.short	25
 475 000a 1200     		.short	18
 476 000c 0200     		.short	2
 477 000e 7800     		.short	120
 478 0010 0000     		.short	0
 479 0012 1000     		.short	16
 480              		.text
 481              	.Letext0:
 482              		.file 3 "c:\\stm32toolchain\\arm-gnu-toolchain-11.3.rel1-mingw-w64-i686-arm-none-eabi\\arm-none-ea
 483              		.file 4 "c:\\stm32toolchain\\arm-gnu-toolchain-11.3.rel1-mingw-w64-i686-arm-none-eabi\\arm-none-ea
 484              		.file 5 "Drivers/CMSIS/Device/ST/STM32F1xx/Include/stm32f103x6.h"
 485              		.file 6 "Drivers/STM32F1xx_HAL_Driver/Inc/stm32f1xx_hal_def.h"
 486              		.file 7 "Drivers/STM32F1xx_HAL_Driver/Inc/stm32f1xx_hal_rcc.h"
 487              		.file 8 "Drivers/STM32F1xx_HAL_Driver/Inc/stm32f1xx_hal_rcc_ex.h"
 488              		.file 9 "Drivers/STM32F1xx_HAL_Driver/Inc/stm32f1xx_hal_gpio.h"
 489              		.file 10 "Drivers/STM32F1xx_HAL_Driver/Inc/stm32f1xx_hal.h"
 490              		.file 11 "<built-in>"
ARM GAS  C:\Users\nguye\AppData\Local\Temp\ccwaKxzk.s 			page 18


DEFINED SYMBOLS
                            *ABS*:00000000 main.c
C:\Users\nguye\AppData\Local\Temp\ccwaKxzk.s:18     .text.MX_GPIO_Init:00000000 $t
C:\Users\nguye\AppData\Local\Temp\ccwaKxzk.s:23     .text.MX_GPIO_Init:00000000 MX_GPIO_Init
C:\Users\nguye\AppData\Local\Temp\ccwaKxzk.s:141    .text.MX_GPIO_Init:00000084 $d
C:\Users\nguye\AppData\Local\Temp\ccwaKxzk.s:148    .text.display7SEG:00000000 $t
C:\Users\nguye\AppData\Local\Temp\ccwaKxzk.s:154    .text.display7SEG:00000000 display7SEG
C:\Users\nguye\AppData\Local\Temp\ccwaKxzk.s:186    .text.display7SEG:00000018 $d
C:\Users\nguye\AppData\Local\Temp\ccwaKxzk.s:192    .text.Error_Handler:00000000 $t
C:\Users\nguye\AppData\Local\Temp\ccwaKxzk.s:198    .text.Error_Handler:00000000 Error_Handler
C:\Users\nguye\AppData\Local\Temp\ccwaKxzk.s:230    .text.SystemClock_Config:00000000 $t
C:\Users\nguye\AppData\Local\Temp\ccwaKxzk.s:236    .text.SystemClock_Config:00000000 SystemClock_Config
C:\Users\nguye\AppData\Local\Temp\ccwaKxzk.s:329    .text.main:00000000 $t
C:\Users\nguye\AppData\Local\Temp\ccwaKxzk.s:335    .text.main:00000000 main
C:\Users\nguye\AppData\Local\Temp\ccwaKxzk.s:460    .text.main:000000b8 $d
C:\Users\nguye\AppData\Local\Temp\ccwaKxzk.s:465    .rodata.LUT_SET.0:00000000 $d
C:\Users\nguye\AppData\Local\Temp\ccwaKxzk.s:469    .rodata.LUT_SET.0:00000000 LUT_SET.0

UNDEFINED SYMBOLS
HAL_GPIO_WritePin
HAL_GPIO_Init
memset
HAL_RCC_OscConfig
HAL_RCC_ClockConfig
HAL_Init
HAL_Delay
