ARM GAS  C:\Users\nguye\AppData\Local\Temp\ccOoxG7M.s 			page 1


   1              		.cpu cortex-m3
   2              		.arch armv7-m
   3              		.fpu softvfp
   4              		.eabi_attribute 20, 1
   5              		.eabi_attribute 21, 1
   6              		.eabi_attribute 23, 3
   7              		.eabi_attribute 24, 1
   8              		.eabi_attribute 25, 1
   9              		.eabi_attribute 26, 1
  10              		.eabi_attribute 30, 1
  11              		.eabi_attribute 34, 1
  12              		.eabi_attribute 18, 4
  13              		.file	"main.c"
  14              		.text
  15              	.Ltext0:
  16              		.cfi_sections	.debug_frame
  17              		.section	.text.MX_GPIO_Init,"ax",%progbits
  18              		.align	1
  19              		.syntax unified
  20              		.thumb
  21              		.thumb_func
  23              	MX_GPIO_Init:
  24              	.LFB67:
  25              		.file 1 "Core/Src/main.c"
   1:Core/Src/main.c **** /* USER CODE BEGIN Header */
   2:Core/Src/main.c **** /**
   3:Core/Src/main.c ****   ******************************************************************************
   4:Core/Src/main.c ****   * @file           : main.c
   5:Core/Src/main.c ****   * @brief          : Main program body
   6:Core/Src/main.c ****   ******************************************************************************
   7:Core/Src/main.c ****   * @attention
   8:Core/Src/main.c ****   *
   9:Core/Src/main.c ****   * Copyright (c) 2022 STMicroelectronics.
  10:Core/Src/main.c ****   * All rights reserved.
  11:Core/Src/main.c ****   *
  12:Core/Src/main.c ****   * This software is licensed under terms that can be found in the LICENSE file
  13:Core/Src/main.c ****   * in the root directory of this software component.
  14:Core/Src/main.c ****   * If no LICENSE file comes with this software, it is provided AS-IS.
  15:Core/Src/main.c ****   *
  16:Core/Src/main.c ****   ******************************************************************************
  17:Core/Src/main.c ****   */
  18:Core/Src/main.c **** /* USER CODE END Header */
  19:Core/Src/main.c **** /* Includes ------------------------------------------------------------------*/
  20:Core/Src/main.c **** #include "main.h"
  21:Core/Src/main.c **** 
  22:Core/Src/main.c **** /* Private includes ----------------------------------------------------------*/
  23:Core/Src/main.c **** /* USER CODE BEGIN Includes */
  24:Core/Src/main.c **** 
  25:Core/Src/main.c **** /* USER CODE END Includes */
  26:Core/Src/main.c **** 
  27:Core/Src/main.c **** /* Private typedef -----------------------------------------------------------*/
  28:Core/Src/main.c **** /* USER CODE BEGIN PTD */
  29:Core/Src/main.c **** 
  30:Core/Src/main.c **** /* USER CODE END PTD */
  31:Core/Src/main.c **** 
  32:Core/Src/main.c **** /* Private define ------------------------------------------------------------*/
  33:Core/Src/main.c **** /* USER CODE BEGIN PD */
ARM GAS  C:\Users\nguye\AppData\Local\Temp\ccOoxG7M.s 			page 2


  34:Core/Src/main.c **** /* USER CODE END PD */
  35:Core/Src/main.c **** 
  36:Core/Src/main.c **** /* Private macro -------------------------------------------------------------*/
  37:Core/Src/main.c **** /* USER CODE BEGIN PM */
  38:Core/Src/main.c **** 
  39:Core/Src/main.c **** /* USER CODE END PM */
  40:Core/Src/main.c **** 
  41:Core/Src/main.c **** /* Private variables ---------------------------------------------------------*/
  42:Core/Src/main.c **** 
  43:Core/Src/main.c **** /* USER CODE BEGIN PV */
  44:Core/Src/main.c **** 
  45:Core/Src/main.c **** /* USER CODE END PV */
  46:Core/Src/main.c **** 
  47:Core/Src/main.c **** /* Private function prototypes -----------------------------------------------*/
  48:Core/Src/main.c **** void SystemClock_Config(void);
  49:Core/Src/main.c **** static void MX_GPIO_Init(void);
  50:Core/Src/main.c **** /* USER CODE BEGIN PFP */
  51:Core/Src/main.c **** 
  52:Core/Src/main.c **** /* USER CODE END PFP */
  53:Core/Src/main.c **** 
  54:Core/Src/main.c **** /* Private user code ---------------------------------------------------------*/
  55:Core/Src/main.c **** /* USER CODE BEGIN 0 */
  56:Core/Src/main.c **** 
  57:Core/Src/main.c **** /* USER CODE END 0 */
  58:Core/Src/main.c **** 
  59:Core/Src/main.c **** /**
  60:Core/Src/main.c ****   * @brief  The application entry point.
  61:Core/Src/main.c ****   * @retval int
  62:Core/Src/main.c ****   */
  63:Core/Src/main.c **** int main(void)
  64:Core/Src/main.c **** {
  65:Core/Src/main.c ****   /* USER CODE BEGIN 1 */
  66:Core/Src/main.c **** 
  67:Core/Src/main.c ****   /* USER CODE END 1 */
  68:Core/Src/main.c **** 
  69:Core/Src/main.c ****   /* MCU Configuration--------------------------------------------------------*/
  70:Core/Src/main.c **** 
  71:Core/Src/main.c ****   /* Reset of all peripherals, Initializes the Flash interface and the Systick. */
  72:Core/Src/main.c ****   HAL_Init();
  73:Core/Src/main.c **** 
  74:Core/Src/main.c ****   /* USER CODE BEGIN Init */
  75:Core/Src/main.c **** 
  76:Core/Src/main.c ****   /* USER CODE END Init */
  77:Core/Src/main.c **** 
  78:Core/Src/main.c ****   /* Configure the system clock */
  79:Core/Src/main.c ****   SystemClock_Config();
  80:Core/Src/main.c **** 
  81:Core/Src/main.c ****   /* USER CODE BEGIN SysInit */
  82:Core/Src/main.c **** 
  83:Core/Src/main.c ****   /* USER CODE END SysInit */
  84:Core/Src/main.c **** 
  85:Core/Src/main.c ****   /* Initialize all configured peripherals */
  86:Core/Src/main.c ****   MX_GPIO_Init();
  87:Core/Src/main.c ****   /* USER CODE BEGIN 2 */
  88:Core/Src/main.c ****   int counter = 0;
  89:Core/Src/main.c ****   /* USER CODE END 2 */
  90:Core/Src/main.c **** 
ARM GAS  C:\Users\nguye\AppData\Local\Temp\ccOoxG7M.s 			page 3


  91:Core/Src/main.c ****   /* Infinite loop */
  92:Core/Src/main.c ****   /* USER CODE BEGIN WHILE */
  93:Core/Src/main.c ****   while (1)
  94:Core/Src/main.c ****   {
  95:Core/Src/main.c ****     if (counter >= 12) counter = 0;
  96:Core/Src/main.c ****     GPIOA->ODR = 0xffff & ~(1u << (counter++ + 4));
  97:Core/Src/main.c ****     HAL_Delay(1000);
  98:Core/Src/main.c **** 
  99:Core/Src/main.c ****     /* USER CODE END WHILE */
 100:Core/Src/main.c ****    
 101:Core/Src/main.c ****     /* USER CODE BEGIN 3 */
 102:Core/Src/main.c ****   }
 103:Core/Src/main.c ****   /* USER CODE END 3 */
 104:Core/Src/main.c **** }
 105:Core/Src/main.c **** 
 106:Core/Src/main.c **** /**
 107:Core/Src/main.c ****   * @brief System Clock Configuration
 108:Core/Src/main.c ****   * @retval None
 109:Core/Src/main.c ****   */
 110:Core/Src/main.c **** void SystemClock_Config(void)
 111:Core/Src/main.c **** {
 112:Core/Src/main.c ****   RCC_OscInitTypeDef RCC_OscInitStruct = {0};
 113:Core/Src/main.c ****   RCC_ClkInitTypeDef RCC_ClkInitStruct = {0};
 114:Core/Src/main.c **** 
 115:Core/Src/main.c ****   /** Initializes the RCC Oscillators according to the specified parameters
 116:Core/Src/main.c ****   * in the RCC_OscInitTypeDef structure.
 117:Core/Src/main.c ****   */
 118:Core/Src/main.c ****   RCC_OscInitStruct.OscillatorType = RCC_OSCILLATORTYPE_HSI;
 119:Core/Src/main.c ****   RCC_OscInitStruct.HSIState = RCC_HSI_ON;
 120:Core/Src/main.c ****   RCC_OscInitStruct.HSICalibrationValue = RCC_HSICALIBRATION_DEFAULT;
 121:Core/Src/main.c ****   RCC_OscInitStruct.PLL.PLLState = RCC_PLL_NONE;
 122:Core/Src/main.c ****   if (HAL_RCC_OscConfig(&RCC_OscInitStruct) != HAL_OK)
 123:Core/Src/main.c ****   {
 124:Core/Src/main.c ****     Error_Handler();
 125:Core/Src/main.c ****   }
 126:Core/Src/main.c **** 
 127:Core/Src/main.c ****   /** Initializes the CPU, AHB and APB buses clocks
 128:Core/Src/main.c ****   */
 129:Core/Src/main.c ****   RCC_ClkInitStruct.ClockType = RCC_CLOCKTYPE_HCLK|RCC_CLOCKTYPE_SYSCLK
 130:Core/Src/main.c ****                               |RCC_CLOCKTYPE_PCLK1|RCC_CLOCKTYPE_PCLK2;
 131:Core/Src/main.c ****   RCC_ClkInitStruct.SYSCLKSource = RCC_SYSCLKSOURCE_HSI;
 132:Core/Src/main.c ****   RCC_ClkInitStruct.AHBCLKDivider = RCC_SYSCLK_DIV1;
 133:Core/Src/main.c ****   RCC_ClkInitStruct.APB1CLKDivider = RCC_HCLK_DIV1;
 134:Core/Src/main.c ****   RCC_ClkInitStruct.APB2CLKDivider = RCC_HCLK_DIV1;
 135:Core/Src/main.c **** 
 136:Core/Src/main.c ****   if (HAL_RCC_ClockConfig(&RCC_ClkInitStruct, FLASH_LATENCY_0) != HAL_OK)
 137:Core/Src/main.c ****   {
 138:Core/Src/main.c ****     Error_Handler();
 139:Core/Src/main.c ****   }
 140:Core/Src/main.c **** }
 141:Core/Src/main.c **** 
 142:Core/Src/main.c **** /**
 143:Core/Src/main.c ****   * @brief GPIO Initialization Function
 144:Core/Src/main.c ****   * @param None
 145:Core/Src/main.c ****   * @retval None
 146:Core/Src/main.c ****   */
 147:Core/Src/main.c **** static void MX_GPIO_Init(void)
ARM GAS  C:\Users\nguye\AppData\Local\Temp\ccOoxG7M.s 			page 4


 148:Core/Src/main.c **** {
  26              		.loc 1 148 1 view -0
  27              		.cfi_startproc
  28              		@ args = 0, pretend = 0, frame = 24
  29              		@ frame_needed = 0, uses_anonymous_args = 0
  30 0000 30B5     		push	{r4, r5, lr}
  31              	.LCFI0:
  32              		.cfi_def_cfa_offset 12
  33              		.cfi_offset 4, -12
  34              		.cfi_offset 5, -8
  35              		.cfi_offset 14, -4
  36 0002 87B0     		sub	sp, sp, #28
  37              	.LCFI1:
  38              		.cfi_def_cfa_offset 40
 149:Core/Src/main.c ****   GPIO_InitTypeDef GPIO_InitStruct = {0};
  39              		.loc 1 149 3 view .LVU1
  40              		.loc 1 149 20 is_stmt 0 view .LVU2
  41 0004 0024     		movs	r4, #0
  42 0006 0294     		str	r4, [sp, #8]
  43 0008 0394     		str	r4, [sp, #12]
  44 000a 0494     		str	r4, [sp, #16]
  45 000c 0594     		str	r4, [sp, #20]
 150:Core/Src/main.c **** 
 151:Core/Src/main.c ****   /* GPIO Ports Clock Enable */
 152:Core/Src/main.c ****   __HAL_RCC_GPIOA_CLK_ENABLE();
  46              		.loc 1 152 3 is_stmt 1 view .LVU3
  47              	.LBB4:
  48              		.loc 1 152 3 view .LVU4
  49              		.loc 1 152 3 view .LVU5
  50 000e 0F4B     		ldr	r3, .L3
  51 0010 9A69     		ldr	r2, [r3, #24]
  52 0012 42F00402 		orr	r2, r2, #4
  53 0016 9A61     		str	r2, [r3, #24]
  54              		.loc 1 152 3 view .LVU6
  55 0018 9B69     		ldr	r3, [r3, #24]
  56 001a 03F00403 		and	r3, r3, #4
  57 001e 0193     		str	r3, [sp, #4]
  58              		.loc 1 152 3 view .LVU7
  59 0020 019B     		ldr	r3, [sp, #4]
  60              	.LBE4:
  61              		.loc 1 152 3 view .LVU8
 153:Core/Src/main.c **** 
 154:Core/Src/main.c ****   /*Configure GPIO pin Output Level */
 155:Core/Src/main.c ****   HAL_GPIO_WritePin(GPIOA, GPIO_PIN_4|GPIO_PIN_5|GPIO_PIN_6|GPIO_PIN_7
  62              		.loc 1 155 3 view .LVU9
  63 0022 0B4D     		ldr	r5, .L3+4
  64 0024 2246     		mov	r2, r4
  65 0026 4FF6F071 		movw	r1, #65520
  66 002a 2846     		mov	r0, r5
  67 002c FFF7FEFF 		bl	HAL_GPIO_WritePin
  68              	.LVL0:
 156:Core/Src/main.c ****                           |GPIO_PIN_8|GPIO_PIN_9|GPIO_PIN_10|GPIO_PIN_11
 157:Core/Src/main.c ****                           |GPIO_PIN_12|GPIO_PIN_13|GPIO_PIN_14|GPIO_PIN_15, GPIO_PIN_RESET);
 158:Core/Src/main.c **** 
 159:Core/Src/main.c ****   /*Configure GPIO pins : PA4 PA5 PA6 PA7
 160:Core/Src/main.c ****                            PA8 PA9 PA10 PA11
 161:Core/Src/main.c ****                            PA12 PA13 PA14 PA15 */
ARM GAS  C:\Users\nguye\AppData\Local\Temp\ccOoxG7M.s 			page 5


 162:Core/Src/main.c ****   GPIO_InitStruct.Pin = GPIO_PIN_4|GPIO_PIN_5|GPIO_PIN_6|GPIO_PIN_7
  69              		.loc 1 162 3 view .LVU10
  70              		.loc 1 162 23 is_stmt 0 view .LVU11
  71 0030 4FF6F073 		movw	r3, #65520
  72 0034 0293     		str	r3, [sp, #8]
 163:Core/Src/main.c ****                           |GPIO_PIN_8|GPIO_PIN_9|GPIO_PIN_10|GPIO_PIN_11
 164:Core/Src/main.c ****                           |GPIO_PIN_12|GPIO_PIN_13|GPIO_PIN_14|GPIO_PIN_15;
 165:Core/Src/main.c ****   GPIO_InitStruct.Mode = GPIO_MODE_OUTPUT_PP;
  73              		.loc 1 165 3 is_stmt 1 view .LVU12
  74              		.loc 1 165 24 is_stmt 0 view .LVU13
  75 0036 0123     		movs	r3, #1
  76 0038 0393     		str	r3, [sp, #12]
 166:Core/Src/main.c ****   GPIO_InitStruct.Pull = GPIO_NOPULL;
  77              		.loc 1 166 3 is_stmt 1 view .LVU14
  78              		.loc 1 166 24 is_stmt 0 view .LVU15
  79 003a 0494     		str	r4, [sp, #16]
 167:Core/Src/main.c ****   GPIO_InitStruct.Speed = GPIO_SPEED_FREQ_LOW;
  80              		.loc 1 167 3 is_stmt 1 view .LVU16
  81              		.loc 1 167 25 is_stmt 0 view .LVU17
  82 003c 0223     		movs	r3, #2
  83 003e 0593     		str	r3, [sp, #20]
 168:Core/Src/main.c ****   HAL_GPIO_Init(GPIOA, &GPIO_InitStruct);
  84              		.loc 1 168 3 is_stmt 1 view .LVU18
  85 0040 02A9     		add	r1, sp, #8
  86 0042 2846     		mov	r0, r5
  87 0044 FFF7FEFF 		bl	HAL_GPIO_Init
  88              	.LVL1:
 169:Core/Src/main.c **** 
 170:Core/Src/main.c **** }
  89              		.loc 1 170 1 is_stmt 0 view .LVU19
  90 0048 07B0     		add	sp, sp, #28
  91              	.LCFI2:
  92              		.cfi_def_cfa_offset 12
  93              		@ sp needed
  94 004a 30BD     		pop	{r4, r5, pc}
  95              	.L4:
  96              		.align	2
  97              	.L3:
  98 004c 00100240 		.word	1073876992
  99 0050 00080140 		.word	1073809408
 100              		.cfi_endproc
 101              	.LFE67:
 103              		.section	.text.Error_Handler,"ax",%progbits
 104              		.align	1
 105              		.global	Error_Handler
 106              		.syntax unified
 107              		.thumb
 108              		.thumb_func
 110              	Error_Handler:
 111              	.LFB68:
 171:Core/Src/main.c **** 
 172:Core/Src/main.c **** /* USER CODE BEGIN 4 */
 173:Core/Src/main.c **** 
 174:Core/Src/main.c **** /* USER CODE END 4 */
 175:Core/Src/main.c **** 
 176:Core/Src/main.c **** /**
 177:Core/Src/main.c ****   * @brief  This function is executed in case of error occurrence.
ARM GAS  C:\Users\nguye\AppData\Local\Temp\ccOoxG7M.s 			page 6


 178:Core/Src/main.c ****   * @retval None
 179:Core/Src/main.c ****   */
 180:Core/Src/main.c **** void Error_Handler(void)
 181:Core/Src/main.c **** {
 112              		.loc 1 181 1 is_stmt 1 view -0
 113              		.cfi_startproc
 114              		@ Volatile: function does not return.
 115              		@ args = 0, pretend = 0, frame = 0
 116              		@ frame_needed = 0, uses_anonymous_args = 0
 117              		@ link register save eliminated.
 182:Core/Src/main.c ****   /* USER CODE BEGIN Error_Handler_Debug */
 183:Core/Src/main.c ****   /* User can add his own implementation to report the HAL error return state */
 184:Core/Src/main.c ****   __disable_irq();
 118              		.loc 1 184 3 view .LVU21
 119              	.LBB5:
 120              	.LBI5:
 121              		.file 2 "Drivers/CMSIS/Include/cmsis_gcc.h"
   1:Drivers/CMSIS/Include/cmsis_gcc.h **** /**************************************************************************//**
   2:Drivers/CMSIS/Include/cmsis_gcc.h ****  * @file     cmsis_gcc.h
   3:Drivers/CMSIS/Include/cmsis_gcc.h ****  * @brief    CMSIS compiler GCC header file
   4:Drivers/CMSIS/Include/cmsis_gcc.h ****  * @version  V5.0.4
   5:Drivers/CMSIS/Include/cmsis_gcc.h ****  * @date     09. April 2018
   6:Drivers/CMSIS/Include/cmsis_gcc.h ****  ******************************************************************************/
   7:Drivers/CMSIS/Include/cmsis_gcc.h **** /*
   8:Drivers/CMSIS/Include/cmsis_gcc.h ****  * Copyright (c) 2009-2018 Arm Limited. All rights reserved.
   9:Drivers/CMSIS/Include/cmsis_gcc.h ****  *
  10:Drivers/CMSIS/Include/cmsis_gcc.h ****  * SPDX-License-Identifier: Apache-2.0
  11:Drivers/CMSIS/Include/cmsis_gcc.h ****  *
  12:Drivers/CMSIS/Include/cmsis_gcc.h ****  * Licensed under the Apache License, Version 2.0 (the License); you may
  13:Drivers/CMSIS/Include/cmsis_gcc.h ****  * not use this file except in compliance with the License.
  14:Drivers/CMSIS/Include/cmsis_gcc.h ****  * You may obtain a copy of the License at
  15:Drivers/CMSIS/Include/cmsis_gcc.h ****  *
  16:Drivers/CMSIS/Include/cmsis_gcc.h ****  * www.apache.org/licenses/LICENSE-2.0
  17:Drivers/CMSIS/Include/cmsis_gcc.h ****  *
  18:Drivers/CMSIS/Include/cmsis_gcc.h ****  * Unless required by applicable law or agreed to in writing, software
  19:Drivers/CMSIS/Include/cmsis_gcc.h ****  * distributed under the License is distributed on an AS IS BASIS, WITHOUT
  20:Drivers/CMSIS/Include/cmsis_gcc.h ****  * WARRANTIES OR CONDITIONS OF ANY KIND, either express or implied.
  21:Drivers/CMSIS/Include/cmsis_gcc.h ****  * See the License for the specific language governing permissions and
  22:Drivers/CMSIS/Include/cmsis_gcc.h ****  * limitations under the License.
  23:Drivers/CMSIS/Include/cmsis_gcc.h ****  */
  24:Drivers/CMSIS/Include/cmsis_gcc.h **** 
  25:Drivers/CMSIS/Include/cmsis_gcc.h **** #ifndef __CMSIS_GCC_H
  26:Drivers/CMSIS/Include/cmsis_gcc.h **** #define __CMSIS_GCC_H
  27:Drivers/CMSIS/Include/cmsis_gcc.h **** 
  28:Drivers/CMSIS/Include/cmsis_gcc.h **** /* ignore some GCC warnings */
  29:Drivers/CMSIS/Include/cmsis_gcc.h **** #pragma GCC diagnostic push
  30:Drivers/CMSIS/Include/cmsis_gcc.h **** #pragma GCC diagnostic ignored "-Wsign-conversion"
  31:Drivers/CMSIS/Include/cmsis_gcc.h **** #pragma GCC diagnostic ignored "-Wconversion"
  32:Drivers/CMSIS/Include/cmsis_gcc.h **** #pragma GCC diagnostic ignored "-Wunused-parameter"
  33:Drivers/CMSIS/Include/cmsis_gcc.h **** 
  34:Drivers/CMSIS/Include/cmsis_gcc.h **** /* Fallback for __has_builtin */
  35:Drivers/CMSIS/Include/cmsis_gcc.h **** #ifndef __has_builtin
  36:Drivers/CMSIS/Include/cmsis_gcc.h ****   #define __has_builtin(x) (0)
  37:Drivers/CMSIS/Include/cmsis_gcc.h **** #endif
  38:Drivers/CMSIS/Include/cmsis_gcc.h **** 
  39:Drivers/CMSIS/Include/cmsis_gcc.h **** /* CMSIS compiler specific defines */
  40:Drivers/CMSIS/Include/cmsis_gcc.h **** #ifndef   __ASM
ARM GAS  C:\Users\nguye\AppData\Local\Temp\ccOoxG7M.s 			page 7


  41:Drivers/CMSIS/Include/cmsis_gcc.h ****   #define __ASM                                  __asm
  42:Drivers/CMSIS/Include/cmsis_gcc.h **** #endif
  43:Drivers/CMSIS/Include/cmsis_gcc.h **** #ifndef   __INLINE
  44:Drivers/CMSIS/Include/cmsis_gcc.h ****   #define __INLINE                               inline
  45:Drivers/CMSIS/Include/cmsis_gcc.h **** #endif
  46:Drivers/CMSIS/Include/cmsis_gcc.h **** #ifndef   __STATIC_INLINE
  47:Drivers/CMSIS/Include/cmsis_gcc.h ****   #define __STATIC_INLINE                        static inline
  48:Drivers/CMSIS/Include/cmsis_gcc.h **** #endif
  49:Drivers/CMSIS/Include/cmsis_gcc.h **** #ifndef   __STATIC_FORCEINLINE                 
  50:Drivers/CMSIS/Include/cmsis_gcc.h ****   #define __STATIC_FORCEINLINE                   __attribute__((always_inline)) static inline
  51:Drivers/CMSIS/Include/cmsis_gcc.h **** #endif                                           
  52:Drivers/CMSIS/Include/cmsis_gcc.h **** #ifndef   __NO_RETURN
  53:Drivers/CMSIS/Include/cmsis_gcc.h ****   #define __NO_RETURN                            __attribute__((__noreturn__))
  54:Drivers/CMSIS/Include/cmsis_gcc.h **** #endif
  55:Drivers/CMSIS/Include/cmsis_gcc.h **** #ifndef   __USED
  56:Drivers/CMSIS/Include/cmsis_gcc.h ****   #define __USED                                 __attribute__((used))
  57:Drivers/CMSIS/Include/cmsis_gcc.h **** #endif
  58:Drivers/CMSIS/Include/cmsis_gcc.h **** #ifndef   __WEAK
  59:Drivers/CMSIS/Include/cmsis_gcc.h ****   #define __WEAK                                 __attribute__((weak))
  60:Drivers/CMSIS/Include/cmsis_gcc.h **** #endif
  61:Drivers/CMSIS/Include/cmsis_gcc.h **** #ifndef   __PACKED
  62:Drivers/CMSIS/Include/cmsis_gcc.h ****   #define __PACKED                               __attribute__((packed, aligned(1)))
  63:Drivers/CMSIS/Include/cmsis_gcc.h **** #endif
  64:Drivers/CMSIS/Include/cmsis_gcc.h **** #ifndef   __PACKED_STRUCT
  65:Drivers/CMSIS/Include/cmsis_gcc.h ****   #define __PACKED_STRUCT                        struct __attribute__((packed, aligned(1)))
  66:Drivers/CMSIS/Include/cmsis_gcc.h **** #endif
  67:Drivers/CMSIS/Include/cmsis_gcc.h **** #ifndef   __PACKED_UNION
  68:Drivers/CMSIS/Include/cmsis_gcc.h ****   #define __PACKED_UNION                         union __attribute__((packed, aligned(1)))
  69:Drivers/CMSIS/Include/cmsis_gcc.h **** #endif
  70:Drivers/CMSIS/Include/cmsis_gcc.h **** #ifndef   __UNALIGNED_UINT32        /* deprecated */
  71:Drivers/CMSIS/Include/cmsis_gcc.h ****   #pragma GCC diagnostic push
  72:Drivers/CMSIS/Include/cmsis_gcc.h ****   #pragma GCC diagnostic ignored "-Wpacked"
  73:Drivers/CMSIS/Include/cmsis_gcc.h ****   #pragma GCC diagnostic ignored "-Wattributes"
  74:Drivers/CMSIS/Include/cmsis_gcc.h ****   struct __attribute__((packed)) T_UINT32 { uint32_t v; };
  75:Drivers/CMSIS/Include/cmsis_gcc.h ****   #pragma GCC diagnostic pop
  76:Drivers/CMSIS/Include/cmsis_gcc.h ****   #define __UNALIGNED_UINT32(x)                  (((struct T_UINT32 *)(x))->v)
  77:Drivers/CMSIS/Include/cmsis_gcc.h **** #endif
  78:Drivers/CMSIS/Include/cmsis_gcc.h **** #ifndef   __UNALIGNED_UINT16_WRITE
  79:Drivers/CMSIS/Include/cmsis_gcc.h ****   #pragma GCC diagnostic push
  80:Drivers/CMSIS/Include/cmsis_gcc.h ****   #pragma GCC diagnostic ignored "-Wpacked"
  81:Drivers/CMSIS/Include/cmsis_gcc.h ****   #pragma GCC diagnostic ignored "-Wattributes"
  82:Drivers/CMSIS/Include/cmsis_gcc.h ****   __PACKED_STRUCT T_UINT16_WRITE { uint16_t v; };
  83:Drivers/CMSIS/Include/cmsis_gcc.h ****   #pragma GCC diagnostic pop
  84:Drivers/CMSIS/Include/cmsis_gcc.h ****   #define __UNALIGNED_UINT16_WRITE(addr, val)    (void)((((struct T_UINT16_WRITE *)(void *)(addr))-
  85:Drivers/CMSIS/Include/cmsis_gcc.h **** #endif
  86:Drivers/CMSIS/Include/cmsis_gcc.h **** #ifndef   __UNALIGNED_UINT16_READ
  87:Drivers/CMSIS/Include/cmsis_gcc.h ****   #pragma GCC diagnostic push
  88:Drivers/CMSIS/Include/cmsis_gcc.h ****   #pragma GCC diagnostic ignored "-Wpacked"
  89:Drivers/CMSIS/Include/cmsis_gcc.h ****   #pragma GCC diagnostic ignored "-Wattributes"
  90:Drivers/CMSIS/Include/cmsis_gcc.h ****   __PACKED_STRUCT T_UINT16_READ { uint16_t v; };
  91:Drivers/CMSIS/Include/cmsis_gcc.h ****   #pragma GCC diagnostic pop
  92:Drivers/CMSIS/Include/cmsis_gcc.h ****   #define __UNALIGNED_UINT16_READ(addr)          (((const struct T_UINT16_READ *)(const void *)(add
  93:Drivers/CMSIS/Include/cmsis_gcc.h **** #endif
  94:Drivers/CMSIS/Include/cmsis_gcc.h **** #ifndef   __UNALIGNED_UINT32_WRITE
  95:Drivers/CMSIS/Include/cmsis_gcc.h ****   #pragma GCC diagnostic push
  96:Drivers/CMSIS/Include/cmsis_gcc.h ****   #pragma GCC diagnostic ignored "-Wpacked"
  97:Drivers/CMSIS/Include/cmsis_gcc.h ****   #pragma GCC diagnostic ignored "-Wattributes"
ARM GAS  C:\Users\nguye\AppData\Local\Temp\ccOoxG7M.s 			page 8


  98:Drivers/CMSIS/Include/cmsis_gcc.h ****   __PACKED_STRUCT T_UINT32_WRITE { uint32_t v; };
  99:Drivers/CMSIS/Include/cmsis_gcc.h ****   #pragma GCC diagnostic pop
 100:Drivers/CMSIS/Include/cmsis_gcc.h ****   #define __UNALIGNED_UINT32_WRITE(addr, val)    (void)((((struct T_UINT32_WRITE *)(void *)(addr))-
 101:Drivers/CMSIS/Include/cmsis_gcc.h **** #endif
 102:Drivers/CMSIS/Include/cmsis_gcc.h **** #ifndef   __UNALIGNED_UINT32_READ
 103:Drivers/CMSIS/Include/cmsis_gcc.h ****   #pragma GCC diagnostic push
 104:Drivers/CMSIS/Include/cmsis_gcc.h ****   #pragma GCC diagnostic ignored "-Wpacked"
 105:Drivers/CMSIS/Include/cmsis_gcc.h ****   #pragma GCC diagnostic ignored "-Wattributes"
 106:Drivers/CMSIS/Include/cmsis_gcc.h ****   __PACKED_STRUCT T_UINT32_READ { uint32_t v; };
 107:Drivers/CMSIS/Include/cmsis_gcc.h ****   #pragma GCC diagnostic pop
 108:Drivers/CMSIS/Include/cmsis_gcc.h ****   #define __UNALIGNED_UINT32_READ(addr)          (((const struct T_UINT32_READ *)(const void *)(add
 109:Drivers/CMSIS/Include/cmsis_gcc.h **** #endif
 110:Drivers/CMSIS/Include/cmsis_gcc.h **** #ifndef   __ALIGNED
 111:Drivers/CMSIS/Include/cmsis_gcc.h ****   #define __ALIGNED(x)                           __attribute__((aligned(x)))
 112:Drivers/CMSIS/Include/cmsis_gcc.h **** #endif
 113:Drivers/CMSIS/Include/cmsis_gcc.h **** #ifndef   __RESTRICT
 114:Drivers/CMSIS/Include/cmsis_gcc.h ****   #define __RESTRICT                             __restrict
 115:Drivers/CMSIS/Include/cmsis_gcc.h **** #endif
 116:Drivers/CMSIS/Include/cmsis_gcc.h **** 
 117:Drivers/CMSIS/Include/cmsis_gcc.h **** 
 118:Drivers/CMSIS/Include/cmsis_gcc.h **** /* ###########################  Core Function Access  ########################### */
 119:Drivers/CMSIS/Include/cmsis_gcc.h **** /** \ingroup  CMSIS_Core_FunctionInterface
 120:Drivers/CMSIS/Include/cmsis_gcc.h ****     \defgroup CMSIS_Core_RegAccFunctions CMSIS Core Register Access Functions
 121:Drivers/CMSIS/Include/cmsis_gcc.h ****   @{
 122:Drivers/CMSIS/Include/cmsis_gcc.h ****  */
 123:Drivers/CMSIS/Include/cmsis_gcc.h **** 
 124:Drivers/CMSIS/Include/cmsis_gcc.h **** /**
 125:Drivers/CMSIS/Include/cmsis_gcc.h ****   \brief   Enable IRQ Interrupts
 126:Drivers/CMSIS/Include/cmsis_gcc.h ****   \details Enables IRQ interrupts by clearing the I-bit in the CPSR.
 127:Drivers/CMSIS/Include/cmsis_gcc.h ****            Can only be executed in Privileged modes.
 128:Drivers/CMSIS/Include/cmsis_gcc.h ****  */
 129:Drivers/CMSIS/Include/cmsis_gcc.h **** __STATIC_FORCEINLINE void __enable_irq(void)
 130:Drivers/CMSIS/Include/cmsis_gcc.h **** {
 131:Drivers/CMSIS/Include/cmsis_gcc.h ****   __ASM volatile ("cpsie i" : : : "memory");
 132:Drivers/CMSIS/Include/cmsis_gcc.h **** }
 133:Drivers/CMSIS/Include/cmsis_gcc.h **** 
 134:Drivers/CMSIS/Include/cmsis_gcc.h **** 
 135:Drivers/CMSIS/Include/cmsis_gcc.h **** /**
 136:Drivers/CMSIS/Include/cmsis_gcc.h ****   \brief   Disable IRQ Interrupts
 137:Drivers/CMSIS/Include/cmsis_gcc.h ****   \details Disables IRQ interrupts by setting the I-bit in the CPSR.
 138:Drivers/CMSIS/Include/cmsis_gcc.h ****            Can only be executed in Privileged modes.
 139:Drivers/CMSIS/Include/cmsis_gcc.h ****  */
 140:Drivers/CMSIS/Include/cmsis_gcc.h **** __STATIC_FORCEINLINE void __disable_irq(void)
 122              		.loc 2 140 27 view .LVU22
 123              	.LBB6:
 141:Drivers/CMSIS/Include/cmsis_gcc.h **** {
 142:Drivers/CMSIS/Include/cmsis_gcc.h ****   __ASM volatile ("cpsid i" : : : "memory");
 124              		.loc 2 142 3 view .LVU23
 125              		.syntax unified
 126              	@ 142 "Drivers/CMSIS/Include/cmsis_gcc.h" 1
 127 0000 72B6     		cpsid i
 128              	@ 0 "" 2
 129              		.thumb
 130              		.syntax unified
 131              	.L6:
 132              	.LBE6:
 133              	.LBE5:
ARM GAS  C:\Users\nguye\AppData\Local\Temp\ccOoxG7M.s 			page 9


 185:Core/Src/main.c ****   while (1)
 134              		.loc 1 185 3 discriminator 1 view .LVU24
 186:Core/Src/main.c ****   {
 187:Core/Src/main.c ****   }
 135              		.loc 1 187 3 discriminator 1 view .LVU25
 185:Core/Src/main.c ****   while (1)
 136              		.loc 1 185 9 discriminator 1 view .LVU26
 137 0002 FEE7     		b	.L6
 138              		.cfi_endproc
 139              	.LFE68:
 141              		.section	.text.SystemClock_Config,"ax",%progbits
 142              		.align	1
 143              		.global	SystemClock_Config
 144              		.syntax unified
 145              		.thumb
 146              		.thumb_func
 148              	SystemClock_Config:
 149              	.LFB66:
 111:Core/Src/main.c ****   RCC_OscInitTypeDef RCC_OscInitStruct = {0};
 150              		.loc 1 111 1 view -0
 151              		.cfi_startproc
 152              		@ args = 0, pretend = 0, frame = 64
 153              		@ frame_needed = 0, uses_anonymous_args = 0
 154 0000 00B5     		push	{lr}
 155              	.LCFI3:
 156              		.cfi_def_cfa_offset 4
 157              		.cfi_offset 14, -4
 158 0002 91B0     		sub	sp, sp, #68
 159              	.LCFI4:
 160              		.cfi_def_cfa_offset 72
 112:Core/Src/main.c ****   RCC_ClkInitTypeDef RCC_ClkInitStruct = {0};
 161              		.loc 1 112 3 view .LVU28
 112:Core/Src/main.c ****   RCC_ClkInitTypeDef RCC_ClkInitStruct = {0};
 162              		.loc 1 112 22 is_stmt 0 view .LVU29
 163 0004 2822     		movs	r2, #40
 164 0006 0021     		movs	r1, #0
 165 0008 06A8     		add	r0, sp, #24
 166 000a FFF7FEFF 		bl	memset
 167              	.LVL2:
 113:Core/Src/main.c **** 
 168              		.loc 1 113 3 is_stmt 1 view .LVU30
 113:Core/Src/main.c **** 
 169              		.loc 1 113 22 is_stmt 0 view .LVU31
 170 000e 0023     		movs	r3, #0
 171 0010 0193     		str	r3, [sp, #4]
 172 0012 0293     		str	r3, [sp, #8]
 173 0014 0393     		str	r3, [sp, #12]
 174 0016 0493     		str	r3, [sp, #16]
 175 0018 0593     		str	r3, [sp, #20]
 118:Core/Src/main.c ****   RCC_OscInitStruct.HSIState = RCC_HSI_ON;
 176              		.loc 1 118 3 is_stmt 1 view .LVU32
 118:Core/Src/main.c ****   RCC_OscInitStruct.HSIState = RCC_HSI_ON;
 177              		.loc 1 118 36 is_stmt 0 view .LVU33
 178 001a 0223     		movs	r3, #2
 179 001c 0693     		str	r3, [sp, #24]
 119:Core/Src/main.c ****   RCC_OscInitStruct.HSICalibrationValue = RCC_HSICALIBRATION_DEFAULT;
 180              		.loc 1 119 3 is_stmt 1 view .LVU34
ARM GAS  C:\Users\nguye\AppData\Local\Temp\ccOoxG7M.s 			page 10


 119:Core/Src/main.c ****   RCC_OscInitStruct.HSICalibrationValue = RCC_HSICALIBRATION_DEFAULT;
 181              		.loc 1 119 30 is_stmt 0 view .LVU35
 182 001e 0123     		movs	r3, #1
 183 0020 0A93     		str	r3, [sp, #40]
 120:Core/Src/main.c ****   RCC_OscInitStruct.PLL.PLLState = RCC_PLL_NONE;
 184              		.loc 1 120 3 is_stmt 1 view .LVU36
 120:Core/Src/main.c ****   RCC_OscInitStruct.PLL.PLLState = RCC_PLL_NONE;
 185              		.loc 1 120 41 is_stmt 0 view .LVU37
 186 0022 1023     		movs	r3, #16
 187 0024 0B93     		str	r3, [sp, #44]
 121:Core/Src/main.c ****   if (HAL_RCC_OscConfig(&RCC_OscInitStruct) != HAL_OK)
 188              		.loc 1 121 3 is_stmt 1 view .LVU38
 122:Core/Src/main.c ****   {
 189              		.loc 1 122 3 view .LVU39
 122:Core/Src/main.c ****   {
 190              		.loc 1 122 7 is_stmt 0 view .LVU40
 191 0026 06A8     		add	r0, sp, #24
 192 0028 FFF7FEFF 		bl	HAL_RCC_OscConfig
 193              	.LVL3:
 122:Core/Src/main.c ****   {
 194              		.loc 1 122 6 view .LVU41
 195 002c 68B9     		cbnz	r0, .L11
 129:Core/Src/main.c ****                               |RCC_CLOCKTYPE_PCLK1|RCC_CLOCKTYPE_PCLK2;
 196              		.loc 1 129 3 is_stmt 1 view .LVU42
 129:Core/Src/main.c ****                               |RCC_CLOCKTYPE_PCLK1|RCC_CLOCKTYPE_PCLK2;
 197              		.loc 1 129 31 is_stmt 0 view .LVU43
 198 002e 0F23     		movs	r3, #15
 199 0030 0193     		str	r3, [sp, #4]
 131:Core/Src/main.c ****   RCC_ClkInitStruct.AHBCLKDivider = RCC_SYSCLK_DIV1;
 200              		.loc 1 131 3 is_stmt 1 view .LVU44
 131:Core/Src/main.c ****   RCC_ClkInitStruct.AHBCLKDivider = RCC_SYSCLK_DIV1;
 201              		.loc 1 131 34 is_stmt 0 view .LVU45
 202 0032 0021     		movs	r1, #0
 203 0034 0291     		str	r1, [sp, #8]
 132:Core/Src/main.c ****   RCC_ClkInitStruct.APB1CLKDivider = RCC_HCLK_DIV1;
 204              		.loc 1 132 3 is_stmt 1 view .LVU46
 132:Core/Src/main.c ****   RCC_ClkInitStruct.APB1CLKDivider = RCC_HCLK_DIV1;
 205              		.loc 1 132 35 is_stmt 0 view .LVU47
 206 0036 0391     		str	r1, [sp, #12]
 133:Core/Src/main.c ****   RCC_ClkInitStruct.APB2CLKDivider = RCC_HCLK_DIV1;
 207              		.loc 1 133 3 is_stmt 1 view .LVU48
 133:Core/Src/main.c ****   RCC_ClkInitStruct.APB2CLKDivider = RCC_HCLK_DIV1;
 208              		.loc 1 133 36 is_stmt 0 view .LVU49
 209 0038 0491     		str	r1, [sp, #16]
 134:Core/Src/main.c **** 
 210              		.loc 1 134 3 is_stmt 1 view .LVU50
 134:Core/Src/main.c **** 
 211              		.loc 1 134 36 is_stmt 0 view .LVU51
 212 003a 0591     		str	r1, [sp, #20]
 136:Core/Src/main.c ****   {
 213              		.loc 1 136 3 is_stmt 1 view .LVU52
 136:Core/Src/main.c ****   {
 214              		.loc 1 136 7 is_stmt 0 view .LVU53
 215 003c 01A8     		add	r0, sp, #4
 216 003e FFF7FEFF 		bl	HAL_RCC_ClockConfig
 217              	.LVL4:
 136:Core/Src/main.c ****   {
ARM GAS  C:\Users\nguye\AppData\Local\Temp\ccOoxG7M.s 			page 11


 218              		.loc 1 136 6 view .LVU54
 219 0042 20B9     		cbnz	r0, .L12
 140:Core/Src/main.c **** 
 220              		.loc 1 140 1 view .LVU55
 221 0044 11B0     		add	sp, sp, #68
 222              	.LCFI5:
 223              		.cfi_remember_state
 224              		.cfi_def_cfa_offset 4
 225              		@ sp needed
 226 0046 5DF804FB 		ldr	pc, [sp], #4
 227              	.L11:
 228              	.LCFI6:
 229              		.cfi_restore_state
 124:Core/Src/main.c ****   }
 230              		.loc 1 124 5 is_stmt 1 view .LVU56
 231 004a FFF7FEFF 		bl	Error_Handler
 232              	.LVL5:
 233              	.L12:
 138:Core/Src/main.c ****   }
 234              		.loc 1 138 5 view .LVU57
 235 004e FFF7FEFF 		bl	Error_Handler
 236              	.LVL6:
 237              		.cfi_endproc
 238              	.LFE66:
 240              		.section	.text.main,"ax",%progbits
 241              		.align	1
 242              		.global	main
 243              		.syntax unified
 244              		.thumb
 245              		.thumb_func
 247              	main:
 248              	.LFB65:
  64:Core/Src/main.c ****   /* USER CODE BEGIN 1 */
 249              		.loc 1 64 1 view -0
 250              		.cfi_startproc
 251              		@ args = 0, pretend = 0, frame = 0
 252              		@ frame_needed = 0, uses_anonymous_args = 0
 253 0000 10B5     		push	{r4, lr}
 254              	.LCFI7:
 255              		.cfi_def_cfa_offset 8
 256              		.cfi_offset 4, -8
 257              		.cfi_offset 14, -4
  72:Core/Src/main.c **** 
 258              		.loc 1 72 3 view .LVU59
 259 0002 FFF7FEFF 		bl	HAL_Init
 260              	.LVL7:
  79:Core/Src/main.c **** 
 261              		.loc 1 79 3 view .LVU60
 262 0006 FFF7FEFF 		bl	SystemClock_Config
 263              	.LVL8:
  86:Core/Src/main.c ****   /* USER CODE BEGIN 2 */
 264              		.loc 1 86 3 view .LVU61
 265 000a FFF7FEFF 		bl	MX_GPIO_Init
 266              	.LVL9:
  88:Core/Src/main.c ****   /* USER CODE END 2 */
 267              		.loc 1 88 3 view .LVU62
  88:Core/Src/main.c ****   /* USER CODE END 2 */
ARM GAS  C:\Users\nguye\AppData\Local\Temp\ccOoxG7M.s 			page 12


 268              		.loc 1 88 7 is_stmt 0 view .LVU63
 269 000e 0024     		movs	r4, #0
 270 0010 0CE0     		b	.L15
 271              	.LVL10:
 272              	.L18:
  95:Core/Src/main.c ****     GPIOA->ODR = 0xffff & ~(1u << (counter++ + 4));
 273              		.loc 1 95 8 view .LVU64
 274 0012 2346     		mov	r3, r4
 275              	.L14:
 276              	.LVL11:
  96:Core/Src/main.c ****     HAL_Delay(1000);
 277              		.loc 1 96 5 is_stmt 1 view .LVU65
  96:Core/Src/main.c ****     HAL_Delay(1000);
 278              		.loc 1 96 43 is_stmt 0 view .LVU66
 279 0014 5C1C     		adds	r4, r3, #1
 280              	.LVL12:
  96:Core/Src/main.c ****     HAL_Delay(1000);
 281              		.loc 1 96 46 view .LVU67
 282 0016 1A1D     		adds	r2, r3, #4
  96:Core/Src/main.c ****     HAL_Delay(1000);
 283              		.loc 1 96 32 view .LVU68
 284 0018 0123     		movs	r3, #1
 285 001a 9340     		lsls	r3, r3, r2
  96:Core/Src/main.c ****     HAL_Delay(1000);
 286              		.loc 1 96 27 view .LVU69
 287 001c DB43     		mvns	r3, r3
  96:Core/Src/main.c ****     HAL_Delay(1000);
 288              		.loc 1 96 25 view .LVU70
 289 001e 9BB2     		uxth	r3, r3
  96:Core/Src/main.c ****     HAL_Delay(1000);
 290              		.loc 1 96 16 view .LVU71
 291 0020 044A     		ldr	r2, .L19
 292 0022 D360     		str	r3, [r2, #12]
  97:Core/Src/main.c **** 
 293              		.loc 1 97 5 is_stmt 1 view .LVU72
 294 0024 4FF47A70 		mov	r0, #1000
 295 0028 FFF7FEFF 		bl	HAL_Delay
 296              	.LVL13:
  93:Core/Src/main.c ****   {
 297              		.loc 1 93 9 view .LVU73
 298              	.L15:
  93:Core/Src/main.c ****   {
 299              		.loc 1 93 3 view .LVU74
  95:Core/Src/main.c ****     GPIOA->ODR = 0xffff & ~(1u << (counter++ + 4));
 300              		.loc 1 95 5 view .LVU75
  95:Core/Src/main.c ****     GPIOA->ODR = 0xffff & ~(1u << (counter++ + 4));
 301              		.loc 1 95 8 is_stmt 0 view .LVU76
 302 002c 0B2C     		cmp	r4, #11
 303 002e F0DD     		ble	.L18
  95:Core/Src/main.c ****     GPIOA->ODR = 0xffff & ~(1u << (counter++ + 4));
 304              		.loc 1 95 32 view .LVU77
 305 0030 0023     		movs	r3, #0
 306 0032 EFE7     		b	.L14
 307              	.L20:
 308              		.align	2
 309              	.L19:
 310 0034 00080140 		.word	1073809408
ARM GAS  C:\Users\nguye\AppData\Local\Temp\ccOoxG7M.s 			page 13


 311              		.cfi_endproc
 312              	.LFE65:
 314              		.text
 315              	.Letext0:
 316              		.file 3 "c:\\stm32toolchain\\arm-gnu-toolchain-11.3.rel1-mingw-w64-i686-arm-none-eabi\\arm-none-ea
 317              		.file 4 "c:\\stm32toolchain\\arm-gnu-toolchain-11.3.rel1-mingw-w64-i686-arm-none-eabi\\arm-none-ea
 318              		.file 5 "Drivers/CMSIS/Device/ST/STM32F1xx/Include/stm32f103x6.h"
 319              		.file 6 "Drivers/STM32F1xx_HAL_Driver/Inc/stm32f1xx_hal_def.h"
 320              		.file 7 "Drivers/STM32F1xx_HAL_Driver/Inc/stm32f1xx_hal_rcc.h"
 321              		.file 8 "Drivers/STM32F1xx_HAL_Driver/Inc/stm32f1xx_hal_rcc_ex.h"
 322              		.file 9 "Drivers/STM32F1xx_HAL_Driver/Inc/stm32f1xx_hal_gpio.h"
 323              		.file 10 "Drivers/STM32F1xx_HAL_Driver/Inc/stm32f1xx_hal.h"
 324              		.file 11 "<built-in>"
ARM GAS  C:\Users\nguye\AppData\Local\Temp\ccOoxG7M.s 			page 14


DEFINED SYMBOLS
                            *ABS*:00000000 main.c
C:\Users\nguye\AppData\Local\Temp\ccOoxG7M.s:18     .text.MX_GPIO_Init:00000000 $t
C:\Users\nguye\AppData\Local\Temp\ccOoxG7M.s:23     .text.MX_GPIO_Init:00000000 MX_GPIO_Init
C:\Users\nguye\AppData\Local\Temp\ccOoxG7M.s:98     .text.MX_GPIO_Init:0000004c $d
C:\Users\nguye\AppData\Local\Temp\ccOoxG7M.s:104    .text.Error_Handler:00000000 $t
C:\Users\nguye\AppData\Local\Temp\ccOoxG7M.s:110    .text.Error_Handler:00000000 Error_Handler
C:\Users\nguye\AppData\Local\Temp\ccOoxG7M.s:142    .text.SystemClock_Config:00000000 $t
C:\Users\nguye\AppData\Local\Temp\ccOoxG7M.s:148    .text.SystemClock_Config:00000000 SystemClock_Config
C:\Users\nguye\AppData\Local\Temp\ccOoxG7M.s:241    .text.main:00000000 $t
C:\Users\nguye\AppData\Local\Temp\ccOoxG7M.s:247    .text.main:00000000 main
C:\Users\nguye\AppData\Local\Temp\ccOoxG7M.s:310    .text.main:00000034 $d

UNDEFINED SYMBOLS
HAL_GPIO_WritePin
HAL_GPIO_Init
memset
HAL_RCC_OscConfig
HAL_RCC_ClockConfig
HAL_Init
HAL_Delay
